[0.014s] Invoking command in '/home/magnum/simuate_ws/src/robot/src/visual_marker_obstacle_detector/build/visual_marker_obstacle_detector': CMAKE_PREFIX_PATH=${CMAKE_PREFIX_PATH}:/opt/ros/foxy /usr/bin/cmake --build /home/magnum/simuate_ws/src/robot/src/visual_marker_obstacle_detector/build/visual_marker_obstacle_detector -- -j8 -l8
[0.028s] Invoked command in '/home/magnum/simuate_ws/src/robot/src/visual_marker_obstacle_detector/build/visual_marker_obstacle_detector' returned '0': CMAKE_PREFIX_PATH=${CMAKE_PREFIX_PATH}:/opt/ros/foxy /usr/bin/cmake --build /home/magnum/simuate_ws/src/robot/src/visual_marker_obstacle_detector/build/visual_marker_obstacle_detector -- -j8 -l8
[0.047s] Invoking command in '/home/magnum/simuate_ws/src/robot/src/visual_marker_obstacle_detector/build/visual_marker_obstacle_detector': CMAKE_PREFIX_PATH=${CMAKE_PREFIX_PATH}:/opt/ros/foxy /usr/bin/cmake --install /home/magnum/simuate_ws/src/robot/src/visual_marker_obstacle_detector/build/visual_marker_obstacle_detector
[0.049s] -- Install configuration: ""
[0.049s] -- Up-to-date: /home/magnum/simuate_ws/src/robot/src/visual_marker_obstacle_detector/install/visual_marker_obstacle_detector/share/ament_index/resource_index/package_run_dependencies/visual_marker_obstacle_detector
[0.049s] -- Up-to-date: /home/magnum/simuate_ws/src/robot/src/visual_marker_obstacle_detector/install/visual_marker_obstacle_detector/share/ament_index/resource_index/parent_prefix_path/visual_marker_obstacle_detector
[0.049s] -- Up-to-date: /home/magnum/simuate_ws/src/robot/src/visual_marker_obstacle_detector/install/visual_marker_obstacle_detector/share/visual_marker_obstacle_detector/environment/ament_prefix_path.sh
[0.049s] -- Up-to-date: /home/magnum/simuate_ws/src/robot/src/visual_marker_obstacle_detector/install/visual_marker_obstacle_detector/share/visual_marker_obstacle_detector/environment/ament_prefix_path.dsv
[0.049s] -- Up-to-date: /home/magnum/simuate_ws/src/robot/src/visual_marker_obstacle_detector/install/visual_marker_obstacle_detector/share/visual_marker_obstacle_detector/environment/path.sh
[0.049s] -- Up-to-date: /home/magnum/simuate_ws/src/robot/src/visual_marker_obstacle_detector/install/visual_marker_obstacle_detector/share/visual_marker_obstacle_detector/environment/path.dsv
[0.049s] -- Up-to-date: /home/magnum/simuate_ws/src/robot/src/visual_marker_obstacle_detector/install/visual_marker_obstacle_detector/share/visual_marker_obstacle_detector/local_setup.bash
[0.049s] -- Up-to-date: /home/magnum/simuate_ws/src/robot/src/visual_marker_obstacle_detector/install/visual_marker_obstacle_detector/share/visual_marker_obstacle_detector/local_setup.sh
[0.049s] -- Up-to-date: /home/magnum/simuate_ws/src/robot/src/visual_marker_obstacle_detector/install/visual_marker_obstacle_detector/share/visual_marker_obstacle_detector/local_setup.zsh
[0.050s] -- Up-to-date: /home/magnum/simuate_ws/src/robot/src/visual_marker_obstacle_detector/install/visual_marker_obstacle_detector/share/visual_marker_obstacle_detector/local_setup.dsv
[0.050s] -- Up-to-date: /home/magnum/simuate_ws/src/robot/src/visual_marker_obstacle_detector/install/visual_marker_obstacle_detector/share/visual_marker_obstacle_detector/package.dsv
[0.050s] -- Up-to-date: /home/magnum/simuate_ws/src/robot/src/visual_marker_obstacle_detector/install/visual_marker_obstacle_detector/share/ament_index/resource_index/packages/visual_marker_obstacle_detector
[0.050s] -- Up-to-date: /home/magnum/simuate_ws/src/robot/src/visual_marker_obstacle_detector/install/visual_marker_obstacle_detector/share/visual_marker_obstacle_detector/cmake/visual_marker_obstacle_detectorConfig.cmake
[0.050s] -- Up-to-date: /home/magnum/simuate_ws/src/robot/src/visual_marker_obstacle_detector/install/visual_marker_obstacle_detector/share/visual_marker_obstacle_detector/cmake/visual_marker_obstacle_detectorConfig-version.cmake
[0.050s] -- Up-to-date: /home/magnum/simuate_ws/src/robot/src/visual_marker_obstacle_detector/install/visual_marker_obstacle_detector/share/visual_marker_obstacle_detector/package.xml
[0.051s] Invoked command in '/home/magnum/simuate_ws/src/robot/src/visual_marker_obstacle_detector/build/visual_marker_obstacle_detector' returned '0': CMAKE_PREFIX_PATH=${CMAKE_PREFIX_PATH}:/opt/ros/foxy /usr/bin/cmake --install /home/magnum/simuate_ws/src/robot/src/visual_marker_obstacle_detector/build/visual_marker_obstacle_detector
