[0.022s] Invoking command in '/home/magnum/simuate_ws/src/robot/src/visual_marker_obstacle_detector/build/visual_marker_obstacle_detector': CMAKE_PREFIX_PATH=/opt/ros/foxy /usr/bin/cmake --build /home/magnum/simuate_ws/src/robot/src/visual_marker_obstacle_detector/build/visual_marker_obstacle_detector -- -j8 -l8
[0.045s] [ 50%] [32mBuilding CXX object CMakeFiles/visual_marker_detector.dir/src/visual_marker.cpp.o[0m
[1.075s] [01m[K/home/magnum/simuate_ws/src/robot/src/visual_marker_obstacle_detector/src/visual_marker.cpp:[m[K In constructor ‘[01m[Kmarker_::Mark::Mark()[m[K’:
[1.075s] [01m[K/home/magnum/simuate_ws/src/robot/src/visual_marker_obstacle_detector/src/visual_marker.cpp:19:47:[m[K [01;31m[Kerror: [m[Kno matching function for call to ‘[01m[Ktf2_ros::TransformBroadcaster::TransformBroadcaster()[m[K’
[1.075s]    19 |         Mark() : Node("marker_detect_obstacle"[01;31m[K)[m[K {
[1.075s]       |                                               [01;31m[K^[m[K
[1.075s] In file included from [01m[K/home/magnum/simuate_ws/src/robot/src/visual_marker_obstacle_detector/src/visual_marker.hpp:7[m[K,
[1.075s]                  from [01m[K/home/magnum/simuate_ws/src/robot/src/visual_marker_obstacle_detector/src/visual_marker.cpp:4[m[K:
[1.076s] [01m[K/opt/ros/foxy/include/tf2_ros/transform_broadcaster.h:53:3:[m[K [01;36m[Knote: [m[Kcandidate: ‘[01m[Ktemplate<class NodeT, class AllocatorT> tf2_ros::TransformBroadcaster::TransformBroadcaster(NodeT&&, const rclcpp::QoS&, const rclcpp::PublisherOptionsWithAllocator<AllocatorT>&)[m[K’
[1.076s]    53 |   [01;36m[KTransformBroadcaster[m[K(
[1.076s]       |   [01;36m[K^~~~~~~~~~~~~~~~~~~~[m[K
[1.076s] [01m[K/opt/ros/foxy/include/tf2_ros/transform_broadcaster.h:53:3:[m[K [01;36m[Knote: [m[K  template argument deduction/substitution failed:
[1.076s] [01m[K/home/magnum/simuate_ws/src/robot/src/visual_marker_obstacle_detector/src/visual_marker.cpp:19:47:[m[K [01;36m[Knote: [m[K  candidate expects 3 arguments, 0 provided
[1.076s]    19 |         Mark() : Node("marker_detect_obstacle"[01;36m[K)[m[K {
[1.076s]       |                                               [01;36m[K^[m[K
[1.076s] In file included from [01m[K/home/magnum/simuate_ws/src/robot/src/visual_marker_obstacle_detector/src/visual_marker.hpp:7[m[K,
[1.076s]                  from [01m[K/home/magnum/simuate_ws/src/robot/src/visual_marker_obstacle_detector/src/visual_marker.cpp:4[m[K:
[1.076s] [01m[K/opt/ros/foxy/include/tf2_ros/transform_broadcaster.h:49:7:[m[K [01;36m[Knote: [m[Kcandidate: ‘[01m[Ktf2_ros::TransformBroadcaster::TransformBroadcaster(const tf2_ros::TransformBroadcaster&)[m[K’
[1.076s]    49 | class [01;36m[KTransformBroadcaster[m[K{
[1.076s]       |       [01;36m[K^~~~~~~~~~~~~~~~~~~~[m[K
[1.076s] [01m[K/opt/ros/foxy/include/tf2_ros/transform_broadcaster.h:49:7:[m[K [01;36m[Knote: [m[K  candidate expects 1 argument, 0 provided
[1.076s] [01m[K/opt/ros/foxy/include/tf2_ros/transform_broadcaster.h:49:7:[m[K [01;36m[Knote: [m[Kcandidate: ‘[01m[Ktf2_ros::TransformBroadcaster::TransformBroadcaster(tf2_ros::TransformBroadcaster&&)[m[K’
[1.076s] [01m[K/opt/ros/foxy/include/tf2_ros/transform_broadcaster.h:49:7:[m[K [01;36m[Knote: [m[K  candidate expects 1 argument, 0 provided
[1.076s] [01m[K/home/magnum/simuate_ws/src/robot/src/visual_marker_obstacle_detector/src/visual_marker.cpp:19:47:[m[K [01;31m[Kerror: [m[Kno matching function for call to ‘[01m[Ktf2_ros::Buffer::Buffer()[m[K’
[1.076s]    19 |         Mark() : Node("marker_detect_obstacle"[01;31m[K)[m[K {
[1.076s]       |                                               [01;31m[K^[m[K
[1.077s] In file included from [01m[K/opt/ros/foxy/include/tf2_ros/transform_listener.h:41[m[K,
[1.077s]                  from [01m[K/home/magnum/simuate_ws/src/robot/src/visual_marker_obstacle_detector/src/visual_marker.hpp:6[m[K,
[1.077s]                  from [01m[K/home/magnum/simuate_ws/src/robot/src/visual_marker_obstacle_detector/src/visual_marker.cpp:4[m[K:
[1.077s] [01m[K/opt/ros/foxy/include/tf2_ros/buffer.h:71:20:[m[K [01;36m[Knote: [m[Kcandidate: ‘[01m[Ktf2_ros::Buffer::Buffer(rclcpp::Clock::SharedPtr, tf2::Duration)[m[K’
[1.077s]    71 |     TF2_ROS_PUBLIC [01;36m[KBuffer[m[K(rclcpp::Clock::SharedPtr clock, tf2::Duration cache_time = tf2::Duration(tf2::BUFFER_CORE_DEFAULT_CACHE_TIME));
[1.077s]       |                    [01;36m[K^~~~~~[m[K
[1.077s] [01m[K/opt/ros/foxy/include/tf2_ros/buffer.h:71:20:[m[K [01;36m[Knote: [m[K  candidate expects 2 arguments, 0 provided
[1.666s] In file included from [01m[K/usr/include/x86_64-linux-gnu/c++/9/bits/c++allocator.h:33[m[K,
[1.666s]                  from [01m[K/usr/include/c++/9/bits/allocator.h:46[m[K,
[1.666s]                  from [01m[K/usr/include/c++/9/memory:63[m[K,
[1.666s]                  from [01m[K/home/magnum/simuate_ws/src/robot/src/visual_marker_obstacle_detector/src/visual_marker.cpp:2[m[K:
[1.666s] /usr/include/c++/9/ext/new_allocator.h: In instantiation of ‘[01m[Kvoid __gnu_cxx::new_allocator<_Tp>::construct(_Up*, _Args&& ...) [with _Up = marker_::mark; _Args = {}; _Tp = marker_::mark][m[K’:
[1.666s] [01m[K/usr/include/c++/9/bits/alloc_traits.h:483:4:[m[K   required from ‘[01m[Kstatic void std::allocator_traits<std::allocator<_Tp1> >::construct(std::allocator_traits<std::allocator<_Tp1> >::allocator_type&, _Up*, _Args&& ...) [with _Up = marker_::mark; _Args = {}; _Tp = marker_::mark; std::allocator_traits<std::allocator<_Tp1> >::allocator_type = std::allocator<marker_::mark>][m[K’
[1.667s] [01m[K/usr/include/c++/9/bits/shared_ptr_base.h:548:39:[m[K   required from ‘[01m[Kstd::_Sp_counted_ptr_inplace<_Tp, _Alloc, _Lp>::_Sp_counted_ptr_inplace(_Alloc, _Args&& ...) [with _Args = {}; _Tp = marker_::mark; _Alloc = std::allocator<marker_::mark>; __gnu_cxx::_Lock_policy _Lp = __gnu_cxx::_S_atomic][m[K’
[1.667s] [01m[K/usr/include/c++/9/bits/shared_ptr_base.h:679:16:[m[K   required from ‘[01m[Kstd::__shared_count<_Lp>::__shared_count(_Tp*&, std::_Sp_alloc_shared_tag<_Alloc>, _Args&& ...) [with _Tp = marker_::mark; _Alloc = std::allocator<marker_::mark>; _Args = {}; __gnu_cxx::_Lock_policy _Lp = __gnu_cxx::_S_atomic][m[K’
[1.667s] [01m[K/usr/include/c++/9/bits/shared_ptr_base.h:1344:71:[m[K   required from ‘[01m[Kstd::__shared_ptr<_Tp, _Lp>::__shared_ptr(std::_Sp_alloc_shared_tag<_Tp>, _Args&& ...) [with _Alloc = std::allocator<marker_::mark>; _Args = {}; _Tp = marker_::mark; __gnu_cxx::_Lock_policy _Lp = __gnu_cxx::_S_atomic][m[K’
[1.667s] [01m[K/usr/include/c++/9/bits/shared_ptr.h:359:59:[m[K   required from ‘[01m[Kstd::shared_ptr<_Tp>::shared_ptr(std::_Sp_alloc_shared_tag<_Tp>, _Args&& ...) [with _Alloc = std::allocator<marker_::mark>; _Args = {}; _Tp = marker_::mark][m[K’
[1.667s] [01m[K/usr/include/c++/9/bits/shared_ptr.h:701:14:[m[K   required from ‘[01m[Kstd::shared_ptr<_Tp> std::allocate_shared(const _Alloc&, _Args&& ...) [with _Tp = marker_::mark; _Alloc = std::allocator<marker_::mark>; _Args = {}][m[K’
[1.667s] [01m[K/usr/include/c++/9/bits/shared_ptr.h:717:39:[m[K   required from ‘[01m[Kstd::shared_ptr<_Tp> std::make_shared(_Args&& ...) [with _Tp = marker_::mark; _Args = {}][m[K’
[1.667s] [01m[K/home/magnum/simuate_ws/src/robot/src/visual_marker_obstacle_detector/src/visual_marker.cpp:65:49:[m[K   required from here
[1.667s] [01m[K/usr/include/c++/9/ext/new_allocator.h:146:4:[m[K [01;31m[Kerror: [m[K‘[01m[Kmarker_::mark::mark()[m[K’ is private within this context
[1.667s]   146 |  { [01;31m[K::new((void *)__p) _Up(std::forward<_Args>(__args)...)[m[K; }
[1.667s]       |    [01;31m[K^~~~~~~~~~~~~~~~~~~~~~~~~~~~~~~~~~~~~~~~~~~~~~~~~~~~~~[m[K
[1.667s] In file included from [01m[K/home/magnum/simuate_ws/src/robot/src/visual_marker_obstacle_detector/src/visual_marker.cpp:4[m[K:
[1.667s] [01m[K/home/magnum/simuate_ws/src/robot/src/visual_marker_obstacle_detector/src/visual_marker.hpp:15:9:[m[K [01;36m[Knote: [m[Kdeclared private here
[1.667s]    15 |         [01;36m[Kmark[m[K(); //default constructor class
[1.667s]       |         [01;36m[K^~~~[m[K
[2.232s] make[2]: *** [CMakeFiles/visual_marker_detector.dir/build.make:76: CMakeFiles/visual_marker_detector.dir/src/visual_marker.cpp.o] Error 1
[2.232s] make[1]: *** [CMakeFiles/Makefile2:137: CMakeFiles/visual_marker_detector.dir/all] Error 2
[2.232s] make: *** [Makefile:146: all] Error 2
[2.233s] Invoked command in '/home/magnum/simuate_ws/src/robot/src/visual_marker_obstacle_detector/build/visual_marker_obstacle_detector' returned '2': CMAKE_PREFIX_PATH=/opt/ros/foxy /usr/bin/cmake --build /home/magnum/simuate_ws/src/robot/src/visual_marker_obstacle_detector/build/visual_marker_obstacle_detector -- -j8 -l8
