[0.015s] Invoking command in '/home/magnum/simuate_ws/src/robot/src/visual_marker_obstacle_detector/build/visual_marker_obstacle_detector': CMAKE_PREFIX_PATH=/opt/ros/foxy /usr/bin/cmake --build /home/magnum/simuate_ws/src/robot/src/visual_marker_obstacle_detector/build/visual_marker_obstacle_detector -- -j8 -l8
[0.041s] [ 50%] [32mBuilding CXX object CMakeFiles/visual_marker_detector.dir/src/visual_marker.cpp.o[0m
[0.964s] [01m[K/home/magnum/simuate_ws/src/robot/src/visual_marker_obstacle_detector/src/visual_marker.cpp:[m[K In constructor ‘[01m[Kmarker_::mark::mark()[m[K’:
[0.964s] [01m[K/home/magnum/simuate_ws/src/robot/src/visual_marker_obstacle_detector/src/visual_marker.cpp:16:53:[m[K [01;31m[Kerror: [m[Kno matching function for call to ‘[01m[Ktf2_ros::TransformListener::TransformListener()[m[K’
[0.964s]    16 |         mark::mark() : Node("marker_detect_obstacle"[01;31m[K)[m[K{
[0.964s]       |                                                     [01;31m[K^[m[K
[0.964s] In file included from [01m[K/home/magnum/simuate_ws/src/robot/src/visual_marker_obstacle_detector/src/visual_marker.hpp:6[m[K,
[0.964s]                  from [01m[K/home/magnum/simuate_ws/src/robot/src/visual_marker_obstacle_detector/src/visual_marker.cpp:4[m[K:
[0.964s] [01m[K/opt/ros/foxy/include/tf2_ros/transform_listener.h:58:3:[m[K [01;36m[Knote: [m[Kcandidate: ‘[01m[Ktemplate<class NodeT, class AllocatorT> tf2_ros::TransformListener::TransformListener(tf2::BufferCore&, NodeT&&, bool, const rclcpp::QoS&, const rclcpp::QoS&, const rclcpp::SubscriptionOptionsWithAllocator<AllocatorT>&)[m[K’
[0.964s]    58 |   [01;36m[KTransformListener[m[K(
[0.964s]       |   [01;36m[K^~~~~~~~~~~~~~~~~[m[K
[0.964s] [01m[K/opt/ros/foxy/include/tf2_ros/transform_listener.h:58:3:[m[K [01;36m[Knote: [m[K  template argument deduction/substitution failed:
[0.964s] [01m[K/home/magnum/simuate_ws/src/robot/src/visual_marker_obstacle_detector/src/visual_marker.cpp:16:53:[m[K [01;36m[Knote: [m[K  candidate expects 6 arguments, 0 provided
[0.964s]    16 |         mark::mark() : Node("marker_detect_obstacle"[01;36m[K)[m[K{
[0.964s]       |                                                     [01;36m[K^[m[K
[0.964s] In file included from [01m[K/home/magnum/simuate_ws/src/robot/src/visual_marker_obstacle_detector/src/visual_marker.hpp:6[m[K,
[0.964s]                  from [01m[K/home/magnum/simuate_ws/src/robot/src/visual_marker_obstacle_detector/src/visual_marker.cpp:4[m[K:
[0.965s] [01m[K/opt/ros/foxy/include/tf2_ros/transform_listener.h:55:12:[m[K [01;36m[Knote: [m[Kcandidate: ‘[01m[Ktf2_ros::TransformListener::TransformListener(tf2::BufferCore&, bool)[m[K’
[0.965s]    55 |   explicit [01;36m[KTransformListener[m[K(tf2::BufferCore & buffer, bool spin_thread = true);
[0.965s]       |            [01;36m[K^~~~~~~~~~~~~~~~~[m[K
[0.965s] [01m[K/opt/ros/foxy/include/tf2_ros/transform_listener.h:55:12:[m[K [01;36m[Knote: [m[K  candidate expects 2 arguments, 0 provided
[0.965s] [01m[K/home/magnum/simuate_ws/src/robot/src/visual_marker_obstacle_detector/src/visual_marker.cpp:16:53:[m[K [01;31m[Kerror: [m[Kno matching function for call to ‘[01m[Ktf2_ros::TransformBroadcaster::TransformBroadcaster()[m[K’
[0.965s]    16 |         mark::mark() : Node("marker_detect_obstacle"[01;31m[K)[m[K{
[0.965s]       |                                                     [01;31m[K^[m[K
[0.965s] In file included from [01m[K/home/magnum/simuate_ws/src/robot/src/visual_marker_obstacle_detector/src/visual_marker.hpp:7[m[K,
[0.965s]                  from [01m[K/home/magnum/simuate_ws/src/robot/src/visual_marker_obstacle_detector/src/visual_marker.cpp:4[m[K:
[0.965s] [01m[K/opt/ros/foxy/include/tf2_ros/transform_broadcaster.h:53:3:[m[K [01;36m[Knote: [m[Kcandidate: ‘[01m[Ktemplate<class NodeT, class AllocatorT> tf2_ros::TransformBroadcaster::TransformBroadcaster(NodeT&&, const rclcpp::QoS&, const rclcpp::PublisherOptionsWithAllocator<AllocatorT>&)[m[K’
[0.965s]    53 |   [01;36m[KTransformBroadcaster[m[K(
[0.965s]       |   [01;36m[K^~~~~~~~~~~~~~~~~~~~[m[K
[0.965s] [01m[K/opt/ros/foxy/include/tf2_ros/transform_broadcaster.h:53:3:[m[K [01;36m[Knote: [m[K  template argument deduction/substitution failed:
[0.965s] [01m[K/home/magnum/simuate_ws/src/robot/src/visual_marker_obstacle_detector/src/visual_marker.cpp:16:53:[m[K [01;36m[Knote: [m[K  candidate expects 3 arguments, 0 provided
[0.965s]    16 |         mark::mark() : Node("marker_detect_obstacle"[01;36m[K)[m[K{
[0.965s]       |                                                     [01;36m[K^[m[K
[0.965s] In file included from [01m[K/home/magnum/simuate_ws/src/robot/src/visual_marker_obstacle_detector/src/visual_marker.hpp:7[m[K,
[0.965s]                  from [01m[K/home/magnum/simuate_ws/src/robot/src/visual_marker_obstacle_detector/src/visual_marker.cpp:4[m[K:
[0.965s] [01m[K/opt/ros/foxy/include/tf2_ros/transform_broadcaster.h:49:7:[m[K [01;36m[Knote: [m[Kcandidate: ‘[01m[Ktf2_ros::TransformBroadcaster::TransformBroadcaster(const tf2_ros::TransformBroadcaster&)[m[K’
[0.965s]    49 | class [01;36m[KTransformBroadcaster[m[K{
[0.965s]       |       [01;36m[K^~~~~~~~~~~~~~~~~~~~[m[K
[0.965s] [01m[K/opt/ros/foxy/include/tf2_ros/transform_broadcaster.h:49:7:[m[K [01;36m[Knote: [m[K  candidate expects 1 argument, 0 provided
[0.965s] [01m[K/opt/ros/foxy/include/tf2_ros/transform_broadcaster.h:49:7:[m[K [01;36m[Knote: [m[Kcandidate: ‘[01m[Ktf2_ros::TransformBroadcaster::TransformBroadcaster(tf2_ros::TransformBroadcaster&&)[m[K’
[0.965s] [01m[K/opt/ros/foxy/include/tf2_ros/transform_broadcaster.h:49:7:[m[K [01;36m[Knote: [m[K  candidate expects 1 argument, 0 provided
[0.979s] [01m[K/home/magnum/simuate_ws/src/robot/src/visual_marker_obstacle_detector/src/visual_marker.cpp:[m[K At global scope:
[0.979s] [01m[K/home/magnum/simuate_ws/src/robot/src/visual_marker_obstacle_detector/src/visual_marker.cpp:26:39:[m[K [01;31m[Kerror: [m[Kno matching function for call to ‘[01m[Ktf2_ros::TransformBroadcaster::TransformBroadcaster()[m[K’
[0.979s]    26 |         tf2_ros::TransformBroadcaster [01;31m[Kbroadcaster[m[K;
[0.979s]       |                                       [01;31m[K^~~~~~~~~~~[m[K
[0.979s] In file included from [01m[K/home/magnum/simuate_ws/src/robot/src/visual_marker_obstacle_detector/src/visual_marker.hpp:7[m[K,
[0.979s]                  from [01m[K/home/magnum/simuate_ws/src/robot/src/visual_marker_obstacle_detector/src/visual_marker.cpp:4[m[K:
[0.979s] [01m[K/opt/ros/foxy/include/tf2_ros/transform_broadcaster.h:53:3:[m[K [01;36m[Knote: [m[Kcandidate: ‘[01m[Ktemplate<class NodeT, class AllocatorT> tf2_ros::TransformBroadcaster::TransformBroadcaster(NodeT&&, const rclcpp::QoS&, const rclcpp::PublisherOptionsWithAllocator<AllocatorT>&)[m[K’
[0.979s]    53 |   [01;36m[KTransformBroadcaster[m[K(
[0.979s]       |   [01;36m[K^~~~~~~~~~~~~~~~~~~~[m[K
[0.979s] [01m[K/opt/ros/foxy/include/tf2_ros/transform_broadcaster.h:53:3:[m[K [01;36m[Knote: [m[K  template argument deduction/substitution failed:
[0.979s] [01m[K/home/magnum/simuate_ws/src/robot/src/visual_marker_obstacle_detector/src/visual_marker.cpp:26:39:[m[K [01;36m[Knote: [m[K  candidate expects 3 arguments, 0 provided
[0.979s]    26 |         tf2_ros::TransformBroadcaster [01;36m[Kbroadcaster[m[K;
[0.979s]       |                                       [01;36m[K^~~~~~~~~~~[m[K
[0.979s] In file included from [01m[K/home/magnum/simuate_ws/src/robot/src/visual_marker_obstacle_detector/src/visual_marker.hpp:7[m[K,
[0.979s]                  from [01m[K/home/magnum/simuate_ws/src/robot/src/visual_marker_obstacle_detector/src/visual_marker.cpp:4[m[K:
[0.979s] [01m[K/opt/ros/foxy/include/tf2_ros/transform_broadcaster.h:49:7:[m[K [01;36m[Knote: [m[Kcandidate: ‘[01m[Ktf2_ros::TransformBroadcaster::TransformBroadcaster(const tf2_ros::TransformBroadcaster&)[m[K’
[0.979s]    49 | class [01;36m[KTransformBroadcaster[m[K{
[0.979s]       |       [01;36m[K^~~~~~~~~~~~~~~~~~~~[m[K
[0.979s] [01m[K/opt/ros/foxy/include/tf2_ros/transform_broadcaster.h:49:7:[m[K [01;36m[Knote: [m[K  candidate expects 1 argument, 0 provided
[0.979s] [01m[K/opt/ros/foxy/include/tf2_ros/transform_broadcaster.h:49:7:[m[K [01;36m[Knote: [m[Kcandidate: ‘[01m[Ktf2_ros::TransformBroadcaster::TransformBroadcaster(tf2_ros::TransformBroadcaster&&)[m[K’
[0.979s] [01m[K/opt/ros/foxy/include/tf2_ros/transform_broadcaster.h:49:7:[m[K [01;36m[Knote: [m[K  candidate expects 1 argument, 0 provided
[0.989s] In file included from [01m[K/opt/ros/foxy/include/rclcpp/service.hpp:34[m[K,
[0.989s]                  from [01m[K/opt/ros/foxy/include/rclcpp/callback_group.hpp:25[m[K,
[0.989s]                  from [01m[K/opt/ros/foxy/include/rclcpp/any_executable.hpp:20[m[K,
[0.989s]                  from [01m[K/opt/ros/foxy/include/rclcpp/memory_strategy.hpp:24[m[K,
[0.989s]                  from [01m[K/opt/ros/foxy/include/rclcpp/memory_strategies.hpp:18[m[K,
[0.989s]                  from [01m[K/opt/ros/foxy/include/rclcpp/executor_options.hpp:20[m[K,
[0.989s]                  from [01m[K/opt/ros/foxy/include/rclcpp/executor.hpp:33[m[K,
[0.989s]                  from [01m[K/opt/ros/foxy/include/rclcpp/executors/multi_threaded_executor.hpp:26[m[K,
[0.989s]                  from [01m[K/opt/ros/foxy/include/rclcpp/executors.hpp:21[m[K,
[0.989s]                  from [01m[K/opt/ros/foxy/include/rclcpp/rclcpp.hpp:146[m[K,
[0.989s]                  from [01m[K/home/magnum/simuate_ws/src/robot/src/visual_marker_obstacle_detector/src/visual_marker.hpp:4[m[K,
[0.989s]                  from [01m[K/home/magnum/simuate_ws/src/robot/src/visual_marker_obstacle_detector/src/visual_marker.cpp:4[m[K:
[0.989s] [01m[K/home/magnum/simuate_ws/src/robot/src/visual_marker_obstacle_detector/src/visual_marker.cpp:[m[K In member function ‘[01m[Kvoid marker_::mark::visual_marker_control()[m[K’:
[0.989s] [01m[K/home/magnum/simuate_ws/src/robot/src/visual_marker_obstacle_detector/src/visual_marker.cpp:52:17:[m[K [01;31m[Kerror: [m[Kstatic assertion failed: First argument to logging macros must be an rclcpp::Logger
[0.989s]    52 |                 [01;31m[KRCLCPP_INFO[m[K(broadcaster);
[0.989s]       |                 [01;31m[K^~~~~~~~~~~[m[K
[0.989s] In file included from [01m[K/opt/ros/foxy/include/rclcpp/client.hpp:40[m[K,
[0.989s]                  from [01m[K/opt/ros/foxy/include/rclcpp/callback_group.hpp:23[m[K,
[0.989s]                  from [01m[K/opt/ros/foxy/include/rclcpp/any_executable.hpp:20[m[K,
[0.989s]                  from [01m[K/opt/ros/foxy/include/rclcpp/memory_strategy.hpp:24[m[K,
[0.989s]                  from [01m[K/opt/ros/foxy/include/rclcpp/memory_strategies.hpp:18[m[K,
[0.989s]                  from [01m[K/opt/ros/foxy/include/rclcpp/executor_options.hpp:20[m[K,
[0.990s]                  from [01m[K/opt/ros/foxy/include/rclcpp/executor.hpp:33[m[K,
[0.990s]                  from [01m[K/opt/ros/foxy/include/rclcpp/executors/multi_threaded_executor.hpp:26[m[K,
[0.990s]                  from [01m[K/opt/ros/foxy/include/rclcpp/executors.hpp:21[m[K,
[0.990s]                  from [01m[K/opt/ros/foxy/include/rclcpp/rclcpp.hpp:146[m[K,
[0.990s]                  from [01m[K/home/magnum/simuate_ws/src/robot/src/visual_marker_obstacle_detector/src/visual_marker.hpp:4[m[K,
[0.990s]                  from [01m[K/home/magnum/simuate_ws/src/robot/src/visual_marker_obstacle_detector/src/visual_marker.cpp:4[m[K:
[0.990s] [01m[K/home/magnum/simuate_ws/src/robot/src/visual_marker_obstacle_detector/src/visual_marker.cpp:52:17:[m[K [01;31m[Kerror: [m[K‘[01m[Kclass tf2_ros::TransformBroadcaster[m[K’ has no member named ‘[01m[Kget_name[m[K’
[0.990s]    52 |                 [01;31m[KRCLCPP_INFO[m[K(broadcaster);
[0.990s]       |                 [01;31m[K^~~~~~~~~~~[m[K
[0.990s] [01m[K/home/magnum/simuate_ws/src/robot/src/visual_marker_obstacle_detector/src/visual_marker.cpp:52:17:[m[K [01;31m[Kerror: [m[K‘[01m[Kclass tf2_ros::TransformBroadcaster[m[K’ has no member named ‘[01m[Kget_name[m[K’
[0.990s]    52 |                 [01;31m[KRCLCPP_INFO[m[K(broadcaster);
[0.990s]       |                 [01;31m[K^~~~~~~~~~~[m[K
[0.990s] [01m[K/home/magnum/simuate_ws/src/robot/src/visual_marker_obstacle_detector/src/visual_marker.cpp:52:17:[m[K [01;31m[Kerror: [m[Kno matching function for call to ‘[01m[Kget_c_string()[m[K’
[0.990s]    52 |                 [01;31m[KRCLCPP_INFO[m[K(broadcaster);
[0.990s]       |                 [01;31m[K^~~~~~~~~~~[m[K
[0.990s] In file included from [01m[K/opt/ros/foxy/include/rclcpp/client.hpp:36[m[K,
[0.990s]                  from [01m[K/opt/ros/foxy/include/rclcpp/callback_group.hpp:23[m[K,
[0.990s]                  from [01m[K/opt/ros/foxy/include/rclcpp/any_executable.hpp:20[m[K,
[0.990s]                  from [01m[K/opt/ros/foxy/include/rclcpp/memory_strategy.hpp:24[m[K,
[0.990s]                  from [01m[K/opt/ros/foxy/include/rclcpp/memory_strategies.hpp:18[m[K,
[0.990s]                  from [01m[K/opt/ros/foxy/include/rclcpp/executor_options.hpp:20[m[K,
[0.990s]                  from [01m[K/opt/ros/foxy/include/rclcpp/executor.hpp:33[m[K,
[0.991s]                  from [01m[K/opt/ros/foxy/include/rclcpp/executors/multi_threaded_executor.hpp:26[m[K,
[0.991s]                  from [01m[K/opt/ros/foxy/include/rclcpp/executors.hpp:21[m[K,
[0.991s]                  from [01m[K/opt/ros/foxy/include/rclcpp/rclcpp.hpp:146[m[K,
[0.991s]                  from [01m[K/home/magnum/simuate_ws/src/robot/src/visual_marker_obstacle_detector/src/visual_marker.hpp:4[m[K,
[0.991s]                  from [01m[K/home/magnum/simuate_ws/src/robot/src/visual_marker_obstacle_detector/src/visual_marker.cpp:4[m[K:
[0.991s] [01m[K/opt/ros/foxy/include/rclcpp/utilities.hpp:296:1:[m[K [01;36m[Knote: [m[Kcandidate: ‘[01m[Kconst char* rclcpp::get_c_string(const char*)[m[K’
[0.991s]   296 | [01;36m[Kget_c_string[m[K(const char * string_in);
[0.991s]       | [01;36m[K^~~~~~~~~~~~[m[K
[0.991s] [01m[K/opt/ros/foxy/include/rclcpp/utilities.hpp:296:1:[m[K [01;36m[Knote: [m[K  candidate expects 1 argument, 0 provided
[0.991s] [01m[K/opt/ros/foxy/include/rclcpp/utilities.hpp:305:1:[m[K [01;36m[Knote: [m[Kcandidate: ‘[01m[Kconst char* rclcpp::get_c_string(const string&)[m[K’
[0.991s]   305 | [01;36m[Kget_c_string[m[K(const std::string & string_in);
[0.991s]       | [01;36m[K^~~~~~~~~~~~[m[K
[0.991s] [01m[K/opt/ros/foxy/include/rclcpp/utilities.hpp:305:1:[m[K [01;36m[Knote: [m[K  candidate expects 1 argument, 0 provided
[0.994s] [01m[K/home/magnum/simuate_ws/src/robot/src/visual_marker_obstacle_detector/src/visual_marker.cpp:[m[K At global scope:
[0.994s] [01m[K/home/magnum/simuate_ws/src/robot/src/visual_marker_obstacle_detector/src/visual_marker.cpp:74:2:[m[K [01;35m[Kwarning: [m[Kextra ‘[01m[K;[m[K’ [[01;35m[K-Wpedantic[m[K]
[0.994s]    74 | }[01;35m[K;[m[K//namspace marker_
[0.994s]       |  [01;35m[K^[m[K
[1.349s] In file included from [01m[K/opt/ros/foxy/include/rclcpp/create_publisher.hpp:21[m[K,
[1.349s]                  from [01m[K/opt/ros/foxy/include/rclcpp/node_impl.hpp:39[m[K,
[1.349s]                  from [01m[K/opt/ros/foxy/include/rclcpp/node.hpp:1224[m[K,
[1.349s]                  from [01m[K/opt/ros/foxy/include/rclcpp/executors/single_threaded_executor.hpp:28[m[K,
[1.349s]                  from [01m[K/opt/ros/foxy/include/rclcpp/executors.hpp:22[m[K,
[1.349s]                  from [01m[K/opt/ros/foxy/include/rclcpp/rclcpp.hpp:146[m[K,
[1.349s]                  from [01m[K/home/magnum/simuate_ws/src/robot/src/visual_marker_obstacle_detector/src/visual_marker.hpp:4[m[K,
[1.349s]                  from [01m[K/home/magnum/simuate_ws/src/robot/src/visual_marker_obstacle_detector/src/visual_marker.cpp:4[m[K:
[1.349s] /opt/ros/foxy/include/rclcpp/node_interfaces/get_node_topics_interface.hpp: In instantiation of ‘[01m[Kstd::shared_ptr<rclcpp::node_interfaces::NodeTopicsInterface> rclcpp::node_interfaces::get_node_topics_interface(NodeType&&) [with NodeType = geometry_msgs::msg::TransformStamped_<std::allocator<void> >&; typename std::enable_if<(! rcpputils::is_pointer<T>::value), int>::type <anonymous> = 0][m[K’:
[1.349s] [01m[K/opt/ros/foxy/include/rclcpp/create_publisher.hpp:54:47:[m[K   required from ‘[01m[Kstd::shared_ptr<PublisherT> rclcpp::create_publisher(NodeT&, const string&, const rclcpp::QoS&, const rclcpp::PublisherOptionsWithAllocator<AllocatorT>&) [with MessageT = tf2_msgs::msg::TFMessage_<std::allocator<void> >; AllocatorT = std::allocator<void>; PublisherT = rclcpp::Publisher<tf2_msgs::msg::TFMessage_<std::allocator<void> > >; NodeT = geometry_msgs::msg::TransformStamped_<std::allocator<void> >; std::string = std::__cxx11::basic_string<char>][m[K’
[1.349s] [01m[K/opt/ros/foxy/include/tf2_ros/transform_broadcaster.h:59:68:[m[K   required from ‘[01m[Ktf2_ros::TransformBroadcaster::TransformBroadcaster(NodeT&&, const rclcpp::QoS&, const rclcpp::PublisherOptionsWithAllocator<AllocatorT>&) [with NodeT = geometry_msgs::msg::TransformStamped_<std::allocator<void> >; AllocatorT = std::allocator<void>][m[K’
[1.349s] [01m[K/home/magnum/simuate_ws/src/robot/src/visual_marker_obstacle_detector/src/visual_marker.cpp:50:104:[m[K   required from here
[1.349s] [01m[K/opt/ros/foxy/include/rclcpp/node_interfaces/get_node_topics_interface.hpp:90:56:[m[K [01;31m[Kerror: [m[Kno matching function for call to ‘[01m[Kget_node_topics_interface_from_pointer(geometry_msgs::msg::TransformStamped_<std::allocator<void> >*)[m[K’
[1.349s]    90 |   return [01;31m[Kdetail::get_node_topics_interface_from_pointer(&node)[m[K;
[1.349s]       |          [01;31m[K~~~~~~~~~~~~~~~~~~~~~~~~~~~~~~~~~~~~~~~~~~~~~~^~~~~~~[m[K
[1.350s] [01m[K/opt/ros/foxy/include/rclcpp/node_interfaces/get_node_topics_interface.hpp:53:1:[m[K [01;36m[Knote: [m[Kcandidate: ‘[01m[Ktemplate<class NodeType, typename std::enable_if<rclcpp::node_interfaces::has_node_topics_interface<typename rcpputils::remove_pointer<T>::type>::value, int>::type <anonymous> > std::shared_ptr<rclcpp::node_interfaces::NodeTopicsInterface> rclcpp::node_interfaces::detail::get_node_topics_interface_from_pointer(NodeType)[m[K’
[1.350s]    53 | [01;36m[Kget_node_topics_interface_from_pointer[m[K(NodeType node_pointer)
[1.350s]       | [01;36m[K^~~~~~~~~~~~~~~~~~~~~~~~~~~~~~~~~~~~~~[m[K
[1.350s] [01m[K/opt/ros/foxy/include/rclcpp/node_interfaces/get_node_topics_interface.hpp:53:1:[m[K [01;36m[Knote: [m[K  template argument deduction/substitution failed:
[1.350s] [01m[K/opt/ros/foxy/include/rclcpp/node_interfaces/get_node_topics_interface.hpp:50:26:[m[K [01;31m[Kerror: [m[Kno type named ‘[01m[Ktype[m[K’ in ‘[01m[Kstruct std::enable_if<false, int>[m[K’
[1.350s]    50 |   >::value, int>::type = [01;31m[K0[m[K
[1.350s]       |                          [01;31m[K^[m[K
[2.179s] make[2]: *** [CMakeFiles/visual_marker_detector.dir/build.make:76: CMakeFiles/visual_marker_detector.dir/src/visual_marker.cpp.o] Error 1
[2.179s] make[1]: *** [CMakeFiles/Makefile2:137: CMakeFiles/visual_marker_detector.dir/all] Error 2
[2.179s] make: *** [Makefile:146: all] Error 2
[2.181s] Invoked command in '/home/magnum/simuate_ws/src/robot/src/visual_marker_obstacle_detector/build/visual_marker_obstacle_detector' returned '2': CMAKE_PREFIX_PATH=/opt/ros/foxy /usr/bin/cmake --build /home/magnum/simuate_ws/src/robot/src/visual_marker_obstacle_detector/build/visual_marker_obstacle_detector -- -j8 -l8
