[ 50%] [32mBuilding CXX object CMakeFiles/visual_marker_detector.dir/src/visual_marker.cpp.o[0m
[01m[K/home/magnum/simuate_ws/src/robot/src/visual_marker_obstacle_detector/src/visual_marker.cpp:[m[K In constructor ‘[01m[Kmarker_::mark::mark()[m[K’:
[01m[K/home/magnum/simuate_ws/src/robot/src/visual_marker_obstacle_detector/src/visual_marker.cpp:16:53:[m[K [01;31m[Kerror: [m[Kno matching function for call to ‘[01m[Ktf2_ros::TransformListener::TransformListener()[m[K’
   16 |         mark::mark() : Node("marker_detect_obstacle"[01;31m[K)[m[K{
      |                                                     [01;31m[K^[m[K
In file included from [01m[K/home/magnum/simuate_ws/src/robot/src/visual_marker_obstacle_detector/src/visual_marker.hpp:6[m[K,
                 from [01m[K/home/magnum/simuate_ws/src/robot/src/visual_marker_obstacle_detector/src/visual_marker.cpp:4[m[K:
[01m[K/opt/ros/foxy/include/tf2_ros/transform_listener.h:58:3:[m[K [01;36m[Knote: [m[Kcandidate: ‘[01m[Ktemplate<class NodeT, class AllocatorT> tf2_ros::TransformListener::TransformListener(tf2::BufferCore&, NodeT&&, bool, const rclcpp::QoS&, const rclcpp::QoS&, const rclcpp::SubscriptionOptionsWithAllocator<AllocatorT>&)[m[K’
   58 |   [01;36m[KTransformListener[m[K(
      |   [01;36m[K^~~~~~~~~~~~~~~~~[m[K
[01m[K/opt/ros/foxy/include/tf2_ros/transform_listener.h:58:3:[m[K [01;36m[Knote: [m[K  template argument deduction/substitution failed:
[01m[K/home/magnum/simuate_ws/src/robot/src/visual_marker_obstacle_detector/src/visual_marker.cpp:16:53:[m[K [01;36m[Knote: [m[K  candidate expects 6 arguments, 0 provided
   16 |         mark::mark() : Node("marker_detect_obstacle"[01;36m[K)[m[K{
      |                                                     [01;36m[K^[m[K
In file included from [01m[K/home/magnum/simuate_ws/src/robot/src/visual_marker_obstacle_detector/src/visual_marker.hpp:6[m[K,
                 from [01m[K/home/magnum/simuate_ws/src/robot/src/visual_marker_obstacle_detector/src/visual_marker.cpp:4[m[K:
[01m[K/opt/ros/foxy/include/tf2_ros/transform_listener.h:55:12:[m[K [01;36m[Knote: [m[Kcandidate: ‘[01m[Ktf2_ros::TransformListener::TransformListener(tf2::BufferCore&, bool)[m[K’
   55 |   explicit [01;36m[KTransformListener[m[K(tf2::BufferCore & buffer, bool spin_thread = true);
      |            [01;36m[K^~~~~~~~~~~~~~~~~[m[K
[01m[K/opt/ros/foxy/include/tf2_ros/transform_listener.h:55:12:[m[K [01;36m[Knote: [m[K  candidate expects 2 arguments, 0 provided
[01m[K/home/magnum/simuate_ws/src/robot/src/visual_marker_obstacle_detector/src/visual_marker.cpp:[m[K At global scope:
[01m[K/home/magnum/simuate_ws/src/robot/src/visual_marker_obstacle_detector/src/visual_marker.cpp:26:39:[m[K [01;31m[Kerror: [m[Kno matching function for call to ‘[01m[Ktf2_ros::TransformBroadcaster::TransformBroadcaster()[m[K’
   26 |         tf2_ros::TransformBroadcaster [01;31m[Kbroadcaster[m[K;
      |                                       [01;31m[K^~~~~~~~~~~[m[K
In file included from [01m[K/home/magnum/simuate_ws/src/robot/src/visual_marker_obstacle_detector/src/visual_marker.hpp:7[m[K,
                 from [01m[K/home/magnum/simuate_ws/src/robot/src/visual_marker_obstacle_detector/src/visual_marker.cpp:4[m[K:
[01m[K/opt/ros/foxy/include/tf2_ros/transform_broadcaster.h:53:3:[m[K [01;36m[Knote: [m[Kcandidate: ‘[01m[Ktemplate<class NodeT, class AllocatorT> tf2_ros::TransformBroadcaster::TransformBroadcaster(NodeT&&, const rclcpp::QoS&, const rclcpp::PublisherOptionsWithAllocator<AllocatorT>&)[m[K’
   53 |   [01;36m[KTransformBroadcaster[m[K(
      |   [01;36m[K^~~~~~~~~~~~~~~~~~~~[m[K
[01m[K/opt/ros/foxy/include/tf2_ros/transform_broadcaster.h:53:3:[m[K [01;36m[Knote: [m[K  template argument deduction/substitution failed:
[01m[K/home/magnum/simuate_ws/src/robot/src/visual_marker_obstacle_detector/src/visual_marker.cpp:26:39:[m[K [01;36m[Knote: [m[K  candidate expects 3 arguments, 0 provided
   26 |         tf2_ros::TransformBroadcaster [01;36m[Kbroadcaster[m[K;
      |                                       [01;36m[K^~~~~~~~~~~[m[K
In file included from [01m[K/home/magnum/simuate_ws/src/robot/src/visual_marker_obstacle_detector/src/visual_marker.hpp:7[m[K,
                 from [01m[K/home/magnum/simuate_ws/src/robot/src/visual_marker_obstacle_detector/src/visual_marker.cpp:4[m[K:
[01m[K/opt/ros/foxy/include/tf2_ros/transform_broadcaster.h:49:7:[m[K [01;36m[Knote: [m[Kcandidate: ‘[01m[Ktf2_ros::TransformBroadcaster::TransformBroadcaster(const tf2_ros::TransformBroadcaster&)[m[K’
   49 | class [01;36m[KTransformBroadcaster[m[K{
      |       [01;36m[K^~~~~~~~~~~~~~~~~~~~[m[K
[01m[K/opt/ros/foxy/include/tf2_ros/transform_broadcaster.h:49:7:[m[K [01;36m[Knote: [m[K  candidate expects 1 argument, 0 provided
[01m[K/opt/ros/foxy/include/tf2_ros/transform_broadcaster.h:49:7:[m[K [01;36m[Knote: [m[Kcandidate: ‘[01m[Ktf2_ros::TransformBroadcaster::TransformBroadcaster(tf2_ros::TransformBroadcaster&&)[m[K’
[01m[K/opt/ros/foxy/include/tf2_ros/transform_broadcaster.h:49:7:[m[K [01;36m[Knote: [m[K  candidate expects 1 argument, 0 provided
[01m[K/home/magnum/simuate_ws/src/robot/src/visual_marker_obstacle_detector/src/visual_marker.cpp:73:2:[m[K [01;35m[Kwarning: [m[Kextra ‘[01m[K;[m[K’ [[01;35m[K-Wpedantic[m[K]
   73 | }[01;35m[K;[m[K//namspace marker_
      |  [01;35m[K^[m[K
In file included from [01m[K/opt/ros/foxy/include/rclcpp/create_publisher.hpp:21[m[K,
                 from [01m[K/opt/ros/foxy/include/rclcpp/node_impl.hpp:39[m[K,
                 from [01m[K/opt/ros/foxy/include/rclcpp/node.hpp:1224[m[K,
                 from [01m[K/opt/ros/foxy/include/rclcpp/executors/single_threaded_executor.hpp:28[m[K,
                 from [01m[K/opt/ros/foxy/include/rclcpp/executors.hpp:22[m[K,
                 from [01m[K/opt/ros/foxy/include/rclcpp/rclcpp.hpp:146[m[K,
                 from [01m[K/home/magnum/simuate_ws/src/robot/src/visual_marker_obstacle_detector/src/visual_marker.hpp:4[m[K,
                 from [01m[K/home/magnum/simuate_ws/src/robot/src/visual_marker_obstacle_detector/src/visual_marker.cpp:4[m[K:
/opt/ros/foxy/include/rclcpp/node_interfaces/get_node_topics_interface.hpp: In instantiation of ‘[01m[Kstd::shared_ptr<rclcpp::node_interfaces::NodeTopicsInterface> rclcpp::node_interfaces::get_node_topics_interface(NodeType&&) [with NodeType = geometry_msgs::msg::TransformStamped_<std::allocator<void> >&; typename std::enable_if<(! rcpputils::is_pointer<T>::value), int>::type <anonymous> = 0][m[K’:
[01m[K/opt/ros/foxy/include/rclcpp/create_publisher.hpp:54:47:[m[K   required from ‘[01m[Kstd::shared_ptr<PublisherT> rclcpp::create_publisher(NodeT&, const string&, const rclcpp::QoS&, const rclcpp::PublisherOptionsWithAllocator<AllocatorT>&) [with MessageT = tf2_msgs::msg::TFMessage_<std::allocator<void> >; AllocatorT = std::allocator<void>; PublisherT = rclcpp::Publisher<tf2_msgs::msg::TFMessage_<std::allocator<void> > >; NodeT = geometry_msgs::msg::TransformStamped_<std::allocator<void> >; std::string = std::__cxx11::basic_string<char>][m[K’
[01m[K/opt/ros/foxy/include/tf2_ros/transform_broadcaster.h:59:68:[m[K   required from ‘[01m[Ktf2_ros::TransformBroadcaster::TransformBroadcaster(NodeT&&, const rclcpp::QoS&, const rclcpp::PublisherOptionsWithAllocator<AllocatorT>&) [with NodeT = geometry_msgs::msg::TransformStamped_<std::allocator<void> >; AllocatorT = std::allocator<void>][m[K’
[01m[K/home/magnum/simuate_ws/src/robot/src/visual_marker_obstacle_detector/src/visual_marker.cpp:50:104:[m[K   required from here
[01m[K/opt/ros/foxy/include/rclcpp/node_interfaces/get_node_topics_interface.hpp:90:56:[m[K [01;31m[Kerror: [m[Kno matching function for call to ‘[01m[Kget_node_topics_interface_from_pointer(geometry_msgs::msg::TransformStamped_<std::allocator<void> >*)[m[K’
   90 |   return [01;31m[Kdetail::get_node_topics_interface_from_pointer(&node)[m[K;
      |          [01;31m[K~~~~~~~~~~~~~~~~~~~~~~~~~~~~~~~~~~~~~~~~~~~~~~^~~~~~~[m[K
[01m[K/opt/ros/foxy/include/rclcpp/node_interfaces/get_node_topics_interface.hpp:53:1:[m[K [01;36m[Knote: [m[Kcandidate: ‘[01m[Ktemplate<class NodeType, typename std::enable_if<rclcpp::node_interfaces::has_node_topics_interface<typename rcpputils::remove_pointer<T>::type>::value, int>::type <anonymous> > std::shared_ptr<rclcpp::node_interfaces::NodeTopicsInterface> rclcpp::node_interfaces::detail::get_node_topics_interface_from_pointer(NodeType)[m[K’
   53 | [01;36m[Kget_node_topics_interface_from_pointer[m[K(NodeType node_pointer)
      | [01;36m[K^~~~~~~~~~~~~~~~~~~~~~~~~~~~~~~~~~~~~~[m[K
[01m[K/opt/ros/foxy/include/rclcpp/node_interfaces/get_node_topics_interface.hpp:53:1:[m[K [01;36m[Knote: [m[K  template argument deduction/substitution failed:
[01m[K/opt/ros/foxy/include/rclcpp/node_interfaces/get_node_topics_interface.hpp:50:26:[m[K [01;31m[Kerror: [m[Kno type named ‘[01m[Ktype[m[K’ in ‘[01m[Kstruct std::enable_if<false, int>[m[K’
   50 |   >::value, int>::type = [01;31m[K0[m[K
      |                          [01;31m[K^[m[K
In file included from [01m[K/usr/include/x86_64-linux-gnu/c++/9/bits/c++allocator.h:33[m[K,
                 from [01m[K/usr/include/c++/9/bits/allocator.h:46[m[K,
                 from [01m[K/usr/include/c++/9/memory:63[m[K,
                 from [01m[K/home/magnum/simuate_ws/src/robot/src/visual_marker_obstacle_detector/src/visual_marker.cpp:2[m[K:
/usr/include/c++/9/ext/new_allocator.h: In instantiation of ‘[01m[Kvoid __gnu_cxx::new_allocator<_Tp>::construct(_Up*, _Args&& ...) [with _Up = marker_::mark; _Args = {}; _Tp = marker_::mark][m[K’:
[01m[K/usr/include/c++/9/bits/alloc_traits.h:483:4:[m[K   required from ‘[01m[Kstatic void std::allocator_traits<std::allocator<_Tp1> >::construct(std::allocator_traits<std::allocator<_Tp1> >::allocator_type&, _Up*, _Args&& ...) [with _Up = marker_::mark; _Args = {}; _Tp = marker_::mark; std::allocator_traits<std::allocator<_Tp1> >::allocator_type = std::allocator<marker_::mark>][m[K’
[01m[K/usr/include/c++/9/bits/shared_ptr_base.h:548:39:[m[K   required from ‘[01m[Kstd::_Sp_counted_ptr_inplace<_Tp, _Alloc, _Lp>::_Sp_counted_ptr_inplace(_Alloc, _Args&& ...) [with _Args = {}; _Tp = marker_::mark; _Alloc = std::allocator<marker_::mark>; __gnu_cxx::_Lock_policy _Lp = __gnu_cxx::_S_atomic][m[K’
[01m[K/usr/include/c++/9/bits/shared_ptr_base.h:679:16:[m[K   required from ‘[01m[Kstd::__shared_count<_Lp>::__shared_count(_Tp*&, std::_Sp_alloc_shared_tag<_Alloc>, _Args&& ...) [with _Tp = marker_::mark; _Alloc = std::allocator<marker_::mark>; _Args = {}; __gnu_cxx::_Lock_policy _Lp = __gnu_cxx::_S_atomic][m[K’
[01m[K/usr/include/c++/9/bits/shared_ptr_base.h:1344:71:[m[K   required from ‘[01m[Kstd::__shared_ptr<_Tp, _Lp>::__shared_ptr(std::_Sp_alloc_shared_tag<_Tp>, _Args&& ...) [with _Alloc = std::allocator<marker_::mark>; _Args = {}; _Tp = marker_::mark; __gnu_cxx::_Lock_policy _Lp = __gnu_cxx::_S_atomic][m[K’
[01m[K/usr/include/c++/9/bits/shared_ptr.h:359:59:[m[K   required from ‘[01m[Kstd::shared_ptr<_Tp>::shared_ptr(std::_Sp_alloc_shared_tag<_Tp>, _Args&& ...) [with _Alloc = std::allocator<marker_::mark>; _Args = {}; _Tp = marker_::mark][m[K’
[01m[K/usr/include/c++/9/bits/shared_ptr.h:701:14:[m[K   required from ‘[01m[Kstd::shared_ptr<_Tp> std::allocate_shared(const _Alloc&, _Args&& ...) [with _Tp = marker_::mark; _Alloc = std::allocator<marker_::mark>; _Args = {}][m[K’
[01m[K/usr/include/c++/9/bits/shared_ptr.h:717:39:[m[K   required from ‘[01m[Kstd::shared_ptr<_Tp> std::make_shared(_Args&& ...) [with _Tp = marker_::mark; _Args = {}][m[K’
[01m[K/home/magnum/simuate_ws/src/robot/src/visual_marker_obstacle_detector/src/visual_marker.cpp:77:49:[m[K   required from here
[01m[K/usr/include/c++/9/ext/new_allocator.h:146:4:[m[K [01;31m[Kerror: [m[K‘[01m[Kmarker_::mark::mark()[m[K’ is private within this context
  146 |  { [01;31m[K::new((void *)__p) _Up(std::forward<_Args>(__args)...)[m[K; }
      |    [01;31m[K^~~~~~~~~~~~~~~~~~~~~~~~~~~~~~~~~~~~~~~~~~~~~~~~~~~~~~[m[K
[01m[K/home/magnum/simuate_ws/src/robot/src/visual_marker_obstacle_detector/src/visual_marker.cpp:16:9:[m[K [01;36m[Knote: [m[Kdeclared private here
   16 |         [01;36m[Kmark[m[K::mark() : Node("marker_detect_obstacle"){
      |         [01;36m[K^~~~[m[K
make[2]: *** [CMakeFiles/visual_marker_detector.dir/build.make:76: CMakeFiles/visual_marker_detector.dir/src/visual_marker.cpp.o] Error 1
make[1]: *** [CMakeFiles/Makefile2:137: CMakeFiles/visual_marker_detector.dir/all] Error 2
make: *** [Makefile:146: all] Error 2
