-- Found ament_cmake: 0.9.11 (/opt/ros/foxy/share/ament_cmake/cmake)
-- Using PYTHON_EXECUTABLE: /usr/bin/python3
-- Found rclcpp: 2.4.2 (/opt/ros/foxy/share/rclcpp/cmake)
-- Using all available rosidl_typesupport_c: rosidl_typesupport_fastrtps_c;rosidl_typesupport_introspection_c
-- Found rosidl_adapter: 1.3.0 (/opt/ros/foxy/share/rosidl_adapter/cmake)
-- Using all available rosidl_typesupport_cpp: rosidl_typesupport_fastrtps_cpp;rosidl_typesupport_introspection_cpp
-- Found rmw_implementation_cmake: 1.0.3 (/opt/ros/foxy/share/rmw_implementation_cmake/cmake)
-- Using RMW implementation 'rmw_fastrtps_cpp' as default
-- Found sensor_msgs: 2.0.5 (/opt/ros/foxy/share/sensor_msgs/cmake)
-- Found visualization_msgs: 2.0.5 (/opt/ros/foxy/share/visualization_msgs/cmake)
-- Found ament_lint_auto: 0.9.7 (/opt/ros/foxy/share/ament_lint_auto/cmake)
-- Added test 'copyright' to check source files copyright and LICENSE
-- Added test 'cppcheck' to perform static code analysis on C / C++ code
-- Configured cppcheck include dirs: 
-- Configured cppcheck exclude dirs and/or files: 
-- Added test 'cpplint' to check C / C++ code against the Google style
-- Configured cpplint exclude dirs and/or files: 
-- Added test 'flake8' to check Python code syntax and style conventions
-- Added test 'lint_cmake' to check CMake code style
-- Added test 'pep257' to check Python code against some of the style conventions in PEP 257
-- Added test 'uncrustify' to check C / C++ code style
-- Configured uncrustify additional arguments: 
-- Added test 'xmllint' to check XML markup files
-- Configuring done
-- Generating done
-- Build files have been written to: /home/magnum/simuate_ws/src/robot/src/visual_marker_obstacle_detector/build/visual_marker_obstacle_detector
[ 50%] [32mBuilding CXX object CMakeFiles/visual_marker_detector.dir/src/visual_marker.cpp.o[0m
[01m[K/home/magnum/simuate_ws/src/robot/src/visual_marker_obstacle_detector/src/visual_marker.cpp:13:[m[K [01;35m[Kwarning: [m[K"RCLCPP_INFO" redefined
   13 | #define RCLCPP_INFO
      | 
In file included from [01m[K/opt/ros/foxy/include/rclcpp/service.hpp:34[m[K,
                 from [01m[K/opt/ros/foxy/include/rclcpp/callback_group.hpp:25[m[K,
                 from [01m[K/opt/ros/foxy/include/rclcpp/any_executable.hpp:20[m[K,
                 from [01m[K/opt/ros/foxy/include/rclcpp/memory_strategy.hpp:24[m[K,
                 from [01m[K/opt/ros/foxy/include/rclcpp/memory_strategies.hpp:18[m[K,
                 from [01m[K/opt/ros/foxy/include/rclcpp/executor_options.hpp:20[m[K,
                 from [01m[K/opt/ros/foxy/include/rclcpp/executor.hpp:33[m[K,
                 from [01m[K/opt/ros/foxy/include/rclcpp/executors/multi_threaded_executor.hpp:26[m[K,
                 from [01m[K/opt/ros/foxy/include/rclcpp/executors.hpp:21[m[K,
                 from [01m[K/opt/ros/foxy/include/rclcpp/rclcpp.hpp:146[m[K,
                 from [01m[K/home/magnum/simuate_ws/src/robot/src/visual_marker_obstacle_detector/src/visual_marker.hpp:4[m[K,
                 from [01m[K/home/magnum/simuate_ws/src/robot/src/visual_marker_obstacle_detector/src/visual_marker.cpp:4[m[K:
[01m[K/opt/ros/foxy/include/rclcpp/logging.hpp:535:[m[K [01;36m[Knote: [m[Kthis is the location of the previous definition
  535 | #define RCLCPP_INFO(logger, ...) \
      | 
[01m[K/home/magnum/simuate_ws/src/robot/src/visual_marker_obstacle_detector/src/visual_marker.cpp:[m[K In constructor ‘[01m[Kmarker_::mark::mark()[m[K’:
[01m[K/home/magnum/simuate_ws/src/robot/src/visual_marker_obstacle_detector/src/visual_marker.cpp:18:53:[m[K [01;31m[Kerror: [m[Kno matching function for call to ‘[01m[Ktf2_ros::TransformListener::TransformListener()[m[K’
   18 |         mark::mark() : Node("marker_detect_obstacle"[01;31m[K)[m[K{
      |                                                     [01;31m[K^[m[K
In file included from [01m[K/home/magnum/simuate_ws/src/robot/src/visual_marker_obstacle_detector/src/visual_marker.hpp:6[m[K,
                 from [01m[K/home/magnum/simuate_ws/src/robot/src/visual_marker_obstacle_detector/src/visual_marker.cpp:4[m[K:
[01m[K/opt/ros/foxy/include/tf2_ros/transform_listener.h:58:3:[m[K [01;36m[Knote: [m[Kcandidate: ‘[01m[Ktemplate<class NodeT, class AllocatorT> tf2_ros::TransformListener::TransformListener(tf2::BufferCore&, NodeT&&, bool, const rclcpp::QoS&, const rclcpp::QoS&, const rclcpp::SubscriptionOptionsWithAllocator<AllocatorT>&)[m[K’
   58 |   [01;36m[KTransformListener[m[K(
      |   [01;36m[K^~~~~~~~~~~~~~~~~[m[K
[01m[K/opt/ros/foxy/include/tf2_ros/transform_listener.h:58:3:[m[K [01;36m[Knote: [m[K  template argument deduction/substitution failed:
[01m[K/home/magnum/simuate_ws/src/robot/src/visual_marker_obstacle_detector/src/visual_marker.cpp:18:53:[m[K [01;36m[Knote: [m[K  candidate expects 6 arguments, 0 provided
   18 |         mark::mark() : Node("marker_detect_obstacle"[01;36m[K)[m[K{
      |                                                     [01;36m[K^[m[K
In file included from [01m[K/home/magnum/simuate_ws/src/robot/src/visual_marker_obstacle_detector/src/visual_marker.hpp:6[m[K,
                 from [01m[K/home/magnum/simuate_ws/src/robot/src/visual_marker_obstacle_detector/src/visual_marker.cpp:4[m[K:
[01m[K/opt/ros/foxy/include/tf2_ros/transform_listener.h:55:12:[m[K [01;36m[Knote: [m[Kcandidate: ‘[01m[Ktf2_ros::TransformListener::TransformListener(tf2::BufferCore&, bool)[m[K’
   55 |   explicit [01;36m[KTransformListener[m[K(tf2::BufferCore & buffer, bool spin_thread = true);
      |            [01;36m[K^~~~~~~~~~~~~~~~~[m[K
[01m[K/opt/ros/foxy/include/tf2_ros/transform_listener.h:55:12:[m[K [01;36m[Knote: [m[K  candidate expects 2 arguments, 0 provided
[01m[K/home/magnum/simuate_ws/src/robot/src/visual_marker_obstacle_detector/src/visual_marker.cpp:18:53:[m[K [01;31m[Kerror: [m[Kno matching function for call to ‘[01m[Ktf2_ros::TransformBroadcaster::TransformBroadcaster()[m[K’
   18 |         mark::mark() : Node("marker_detect_obstacle"[01;31m[K)[m[K{
      |                                                     [01;31m[K^[m[K
In file included from [01m[K/home/magnum/simuate_ws/src/robot/src/visual_marker_obstacle_detector/src/visual_marker.hpp:7[m[K,
                 from [01m[K/home/magnum/simuate_ws/src/robot/src/visual_marker_obstacle_detector/src/visual_marker.cpp:4[m[K:
[01m[K/opt/ros/foxy/include/tf2_ros/transform_broadcaster.h:53:3:[m[K [01;36m[Knote: [m[Kcandidate: ‘[01m[Ktemplate<class NodeT, class AllocatorT> tf2_ros::TransformBroadcaster::TransformBroadcaster(NodeT&&, const rclcpp::QoS&, const rclcpp::PublisherOptionsWithAllocator<AllocatorT>&)[m[K’
   53 |   [01;36m[KTransformBroadcaster[m[K(
      |   [01;36m[K^~~~~~~~~~~~~~~~~~~~[m[K
[01m[K/opt/ros/foxy/include/tf2_ros/transform_broadcaster.h:53:3:[m[K [01;36m[Knote: [m[K  template argument deduction/substitution failed:
[01m[K/home/magnum/simuate_ws/src/robot/src/visual_marker_obstacle_detector/src/visual_marker.cpp:18:53:[m[K [01;36m[Knote: [m[K  candidate expects 3 arguments, 0 provided
   18 |         mark::mark() : Node("marker_detect_obstacle"[01;36m[K)[m[K{
      |                                                     [01;36m[K^[m[K
In file included from [01m[K/home/magnum/simuate_ws/src/robot/src/visual_marker_obstacle_detector/src/visual_marker.hpp:7[m[K,
                 from [01m[K/home/magnum/simuate_ws/src/robot/src/visual_marker_obstacle_detector/src/visual_marker.cpp:4[m[K:
[01m[K/opt/ros/foxy/include/tf2_ros/transform_broadcaster.h:49:7:[m[K [01;36m[Knote: [m[Kcandidate: ‘[01m[Ktf2_ros::TransformBroadcaster::TransformBroadcaster(const tf2_ros::TransformBroadcaster&)[m[K’
   49 | class [01;36m[KTransformBroadcaster[m[K{
      |       [01;36m[K^~~~~~~~~~~~~~~~~~~~[m[K
[01m[K/opt/ros/foxy/include/tf2_ros/transform_broadcaster.h:49:7:[m[K [01;36m[Knote: [m[K  candidate expects 1 argument, 0 provided
[01m[K/opt/ros/foxy/include/tf2_ros/transform_broadcaster.h:49:7:[m[K [01;36m[Knote: [m[Kcandidate: ‘[01m[Ktf2_ros::TransformBroadcaster::TransformBroadcaster(tf2_ros::TransformBroadcaster&&)[m[K’
[01m[K/opt/ros/foxy/include/tf2_ros/transform_broadcaster.h:49:7:[m[K [01;36m[Knote: [m[K  candidate expects 1 argument, 0 provided
[01m[K/home/magnum/simuate_ws/src/robot/src/visual_marker_obstacle_detector/src/visual_marker.cpp:[m[K At global scope:
[01m[K/home/magnum/simuate_ws/src/robot/src/visual_marker_obstacle_detector/src/visual_marker.cpp:26:39:[m[K [01;31m[Kerror: [m[Kno matching function for call to ‘[01m[Ktf2_ros::TransformBroadcaster::TransformBroadcaster()[m[K’
   26 |         tf2_ros::TransformBroadcaster [01;31m[Kbroadcaster[m[K;
      |                                       [01;31m[K^~~~~~~~~~~[m[K
In file included from [01m[K/home/magnum/simuate_ws/src/robot/src/visual_marker_obstacle_detector/src/visual_marker.hpp:7[m[K,
                 from [01m[K/home/magnum/simuate_ws/src/robot/src/visual_marker_obstacle_detector/src/visual_marker.cpp:4[m[K:
[01m[K/opt/ros/foxy/include/tf2_ros/transform_broadcaster.h:53:3:[m[K [01;36m[Knote: [m[Kcandidate: ‘[01m[Ktemplate<class NodeT, class AllocatorT> tf2_ros::TransformBroadcaster::TransformBroadcaster(NodeT&&, const rclcpp::QoS&, const rclcpp::PublisherOptionsWithAllocator<AllocatorT>&)[m[K’
   53 |   [01;36m[KTransformBroadcaster[m[K(
      |   [01;36m[K^~~~~~~~~~~~~~~~~~~~[m[K
[01m[K/opt/ros/foxy/include/tf2_ros/transform_broadcaster.h:53:3:[m[K [01;36m[Knote: [m[K  template argument deduction/substitution failed:
[01m[K/home/magnum/simuate_ws/src/robot/src/visual_marker_obstacle_detector/src/visual_marker.cpp:26:39:[m[K [01;36m[Knote: [m[K  candidate expects 3 arguments, 0 provided
   26 |         tf2_ros::TransformBroadcaster [01;36m[Kbroadcaster[m[K;
      |                                       [01;36m[K^~~~~~~~~~~[m[K
In file included from [01m[K/home/magnum/simuate_ws/src/robot/src/visual_marker_obstacle_detector/src/visual_marker.hpp:7[m[K,
                 from [01m[K/home/magnum/simuate_ws/src/robot/src/visual_marker_obstacle_detector/src/visual_marker.cpp:4[m[K:
[01m[K/opt/ros/foxy/include/tf2_ros/transform_broadcaster.h:49:7:[m[K [01;36m[Knote: [m[Kcandidate: ‘[01m[Ktf2_ros::TransformBroadcaster::TransformBroadcaster(const tf2_ros::TransformBroadcaster&)[m[K’
   49 | class [01;36m[KTransformBroadcaster[m[K{
      |       [01;36m[K^~~~~~~~~~~~~~~~~~~~[m[K
[01m[K/opt/ros/foxy/include/tf2_ros/transform_broadcaster.h:49:7:[m[K [01;36m[Knote: [m[K  candidate expects 1 argument, 0 provided
[01m[K/opt/ros/foxy/include/tf2_ros/transform_broadcaster.h:49:7:[m[K [01;36m[Knote: [m[Kcandidate: ‘[01m[Ktf2_ros::TransformBroadcaster::TransformBroadcaster(tf2_ros::TransformBroadcaster&&)[m[K’
[01m[K/opt/ros/foxy/include/tf2_ros/transform_broadcaster.h:49:7:[m[K [01;36m[Knote: [m[K  candidate expects 1 argument, 0 provided
[01m[K/home/magnum/simuate_ws/src/robot/src/visual_marker_obstacle_detector/src/visual_marker.cpp:74:2:[m[K [01;35m[Kwarning: [m[Kextra ‘[01m[K;[m[K’ [[01;35m[K-Wpedantic[m[K]
   74 | }[01;35m[K;[m[K//namspace marker_
      |  [01;35m[K^[m[K
In file included from [01m[K/opt/ros/foxy/include/rclcpp/create_publisher.hpp:21[m[K,
                 from [01m[K/opt/ros/foxy/include/rclcpp/node_impl.hpp:39[m[K,
                 from [01m[K/opt/ros/foxy/include/rclcpp/node.hpp:1224[m[K,
                 from [01m[K/opt/ros/foxy/include/rclcpp/executors/single_threaded_executor.hpp:28[m[K,
                 from [01m[K/opt/ros/foxy/include/rclcpp/executors.hpp:22[m[K,
                 from [01m[K/opt/ros/foxy/include/rclcpp/rclcpp.hpp:146[m[K,
                 from [01m[K/home/magnum/simuate_ws/src/robot/src/visual_marker_obstacle_detector/src/visual_marker.hpp:4[m[K,
                 from [01m[K/home/magnum/simuate_ws/src/robot/src/visual_marker_obstacle_detector/src/visual_marker.cpp:4[m[K:
/opt/ros/foxy/include/rclcpp/node_interfaces/get_node_topics_interface.hpp: In instantiation of ‘[01m[Kstd::shared_ptr<rclcpp::node_interfaces::NodeTopicsInterface> rclcpp::node_interfaces::get_node_topics_interface(NodeType&&) [with NodeType = geometry_msgs::msg::TransformStamped_<std::allocator<void> >&; typename std::enable_if<(! rcpputils::is_pointer<T>::value), int>::type <anonymous> = 0][m[K’:
[01m[K/opt/ros/foxy/include/rclcpp/create_publisher.hpp:54:47:[m[K   required from ‘[01m[Kstd::shared_ptr<PublisherT> rclcpp::create_publisher(NodeT&, const string&, const rclcpp::QoS&, const rclcpp::PublisherOptionsWithAllocator<AllocatorT>&) [with MessageT = tf2_msgs::msg::TFMessage_<std::allocator<void> >; AllocatorT = std::allocator<void>; PublisherT = rclcpp::Publisher<tf2_msgs::msg::TFMessage_<std::allocator<void> > >; NodeT = geometry_msgs::msg::TransformStamped_<std::allocator<void> >; std::string = std::__cxx11::basic_string<char>][m[K’
[01m[K/opt/ros/foxy/include/tf2_ros/transform_broadcaster.h:59:68:[m[K   required from ‘[01m[Ktf2_ros::TransformBroadcaster::TransformBroadcaster(NodeT&&, const rclcpp::QoS&, const rclcpp::PublisherOptionsWithAllocator<AllocatorT>&) [with NodeT = geometry_msgs::msg::TransformStamped_<std::allocator<void> >; AllocatorT = std::allocator<void>][m[K’
[01m[K/home/magnum/simuate_ws/src/robot/src/visual_marker_obstacle_detector/src/visual_marker.cpp:50:104:[m[K   required from here
[01m[K/opt/ros/foxy/include/rclcpp/node_interfaces/get_node_topics_interface.hpp:90:56:[m[K [01;31m[Kerror: [m[Kno matching function for call to ‘[01m[Kget_node_topics_interface_from_pointer(geometry_msgs::msg::TransformStamped_<std::allocator<void> >*)[m[K’
   90 |   return [01;31m[Kdetail::get_node_topics_interface_from_pointer(&node)[m[K;
      |          [01;31m[K~~~~~~~~~~~~~~~~~~~~~~~~~~~~~~~~~~~~~~~~~~~~~~^~~~~~~[m[K
[01m[K/opt/ros/foxy/include/rclcpp/node_interfaces/get_node_topics_interface.hpp:53:1:[m[K [01;36m[Knote: [m[Kcandidate: ‘[01m[Ktemplate<class NodeType, typename std::enable_if<rclcpp::node_interfaces::has_node_topics_interface<typename rcpputils::remove_pointer<T>::type>::value, int>::type <anonymous> > std::shared_ptr<rclcpp::node_interfaces::NodeTopicsInterface> rclcpp::node_interfaces::detail::get_node_topics_interface_from_pointer(NodeType)[m[K’
   53 | [01;36m[Kget_node_topics_interface_from_pointer[m[K(NodeType node_pointer)
      | [01;36m[K^~~~~~~~~~~~~~~~~~~~~~~~~~~~~~~~~~~~~~[m[K
[01m[K/opt/ros/foxy/include/rclcpp/node_interfaces/get_node_topics_interface.hpp:53:1:[m[K [01;36m[Knote: [m[K  template argument deduction/substitution failed:
[01m[K/opt/ros/foxy/include/rclcpp/node_interfaces/get_node_topics_interface.hpp:50:26:[m[K [01;31m[Kerror: [m[Kno type named ‘[01m[Ktype[m[K’ in ‘[01m[Kstruct std::enable_if<false, int>[m[K’
   50 |   >::value, int>::type = [01;31m[K0[m[K
      |                          [01;31m[K^[m[K
make[2]: *** [CMakeFiles/visual_marker_detector.dir/build.make:76: CMakeFiles/visual_marker_detector.dir/src/visual_marker.cpp.o] Error 1
make[1]: *** [CMakeFiles/Makefile2:137: CMakeFiles/visual_marker_detector.dir/all] Error 2
make: *** [Makefile:146: all] Error 2
