[0.014s] Invoking command in '/home/magnum/simuate_ws/src/robot/src/visual_marker_obstacle_detector/build/visual_marker_obstacle_detector': CMAKE_PREFIX_PATH=/opt/ros/foxy /usr/bin/cmake /home/magnum/simuate_ws/src/robot/src/visual_marker_obstacle_detector -DCMAKE_INSTALL_PREFIX=/home/magnum/simuate_ws/src/robot/src/visual_marker_obstacle_detector/install/visual_marker_obstacle_detector
[0.157s] -- The C compiler identification is GNU 9.4.0
[0.272s] -- The CXX compiler identification is GNU 9.4.0
[0.285s] -- Detecting C compiler ABI info
[0.348s] -- Detecting C compiler ABI info - done
[0.356s] -- Check for working C compiler: /usr/bin/cc - skipped
[0.357s] -- Detecting C compile features
[0.357s] -- Detecting C compile features - done
[0.361s] -- Detecting CXX compiler ABI info
[0.410s] -- Detecting CXX compiler ABI info - done
[0.417s] -- Check for working CXX compiler: /usr/bin/c++ - skipped
[0.417s] -- Detecting CXX compile features
[0.417s] -- Detecting CXX compile features - done
[0.425s] -- Found ament_cmake: 0.9.11 (/opt/ros/foxy/share/ament_cmake/cmake)
[0.456s] -- Found PythonInterp: /usr/bin/python3 (found suitable version "3.8.10", minimum required is "3") 
[0.456s] -- Using PYTHON_EXECUTABLE: /usr/bin/python3
[0.639s] -- Found rclcpp: 2.4.2 (/opt/ros/foxy/share/rclcpp/cmake)
[0.688s] -- Using all available rosidl_typesupport_c: rosidl_typesupport_fastrtps_c;rosidl_typesupport_introspection_c
[0.696s] -- Found rosidl_adapter: 1.3.0 (/opt/ros/foxy/share/rosidl_adapter/cmake)
[0.785s] -- Found OpenSSL: /usr/lib/x86_64-linux-gnu/libcrypto.so (found version "1.1.1f")  
[0.814s] -- Found FastRTPS: /opt/ros/foxy/include  
[0.879s] -- Using all available rosidl_typesupport_cpp: rosidl_typesupport_fastrtps_cpp;rosidl_typesupport_introspection_cpp
[0.923s] -- Found rmw_implementation_cmake: 1.0.3 (/opt/ros/foxy/share/rmw_implementation_cmake/cmake)
[0.925s] -- Using RMW implementation 'rmw_fastrtps_cpp' as default
[0.926s] -- Performing Test CMAKE_HAVE_LIBC_PTHREAD
[0.992s] -- Performing Test CMAKE_HAVE_LIBC_PTHREAD - Failed
[0.992s] -- Looking for pthread_create in pthreads
[1.032s] -- Looking for pthread_create in pthreads - not found
[1.032s] -- Looking for pthread_create in pthread
[1.090s] -- Looking for pthread_create in pthread - found
[1.091s] -- Found Threads: TRUE  
[1.202s] -- Found ament_lint_auto: 0.9.7 (/opt/ros/foxy/share/ament_lint_auto/cmake)
[1.265s] -- Added test 'copyright' to check source files copyright and LICENSE
[1.268s] -- Added test 'cppcheck' to perform static code analysis on C / C++ code
[1.268s] -- Configured cppcheck include dirs: 
[1.268s] -- Configured cppcheck exclude dirs and/or files: 
[1.270s] -- Added test 'cpplint' to check C / C++ code against the Google style
[1.270s] -- Configured cpplint exclude dirs and/or files: 
[1.271s] -- Added test 'lint_cmake' to check CMake code style
[1.275s] -- Added test 'uncrustify' to check C / C++ code style
[1.275s] -- Configured uncrustify additional arguments: 
[1.275s] -- Added test 'xmllint' to check XML markup files
[1.276s] -- Configuring done
[1.279s] -- Generating done
[1.280s] -- Build files have been written to: /home/magnum/simuate_ws/src/robot/src/visual_marker_obstacle_detector/build/visual_marker_obstacle_detector
[1.285s] Invoked command in '/home/magnum/simuate_ws/src/robot/src/visual_marker_obstacle_detector/build/visual_marker_obstacle_detector' returned '0': CMAKE_PREFIX_PATH=/opt/ros/foxy /usr/bin/cmake /home/magnum/simuate_ws/src/robot/src/visual_marker_obstacle_detector -DCMAKE_INSTALL_PREFIX=/home/magnum/simuate_ws/src/robot/src/visual_marker_obstacle_detector/install/visual_marker_obstacle_detector
[1.287s] Invoking command in '/home/magnum/simuate_ws/src/robot/src/visual_marker_obstacle_detector/build/visual_marker_obstacle_detector': CMAKE_PREFIX_PATH=/opt/ros/foxy /usr/bin/cmake --build /home/magnum/simuate_ws/src/robot/src/visual_marker_obstacle_detector/build/visual_marker_obstacle_detector -- -j8 -l8
[1.304s] Invoked command in '/home/magnum/simuate_ws/src/robot/src/visual_marker_obstacle_detector/build/visual_marker_obstacle_detector' returned '0': CMAKE_PREFIX_PATH=/opt/ros/foxy /usr/bin/cmake --build /home/magnum/simuate_ws/src/robot/src/visual_marker_obstacle_detector/build/visual_marker_obstacle_detector -- -j8 -l8
[1.320s] Invoking command in '/home/magnum/simuate_ws/src/robot/src/visual_marker_obstacle_detector/build/visual_marker_obstacle_detector': CMAKE_PREFIX_PATH=/opt/ros/foxy /usr/bin/cmake --install /home/magnum/simuate_ws/src/robot/src/visual_marker_obstacle_detector/build/visual_marker_obstacle_detector
[1.323s] -- Install configuration: ""
[1.323s] -- Installing: /home/magnum/simuate_ws/src/robot/src/visual_marker_obstacle_detector/install/visual_marker_obstacle_detector/share/ament_index/resource_index/package_run_dependencies/visual_marker_obstacle_detector
[1.323s] -- Installing: /home/magnum/simuate_ws/src/robot/src/visual_marker_obstacle_detector/install/visual_marker_obstacle_detector/share/ament_index/resource_index/parent_prefix_path/visual_marker_obstacle_detector
[1.323s] -- Installing: /home/magnum/simuate_ws/src/robot/src/visual_marker_obstacle_detector/install/visual_marker_obstacle_detector/share/visual_marker_obstacle_detector/environment/ament_prefix_path.sh
[1.323s] -- Installing: /home/magnum/simuate_ws/src/robot/src/visual_marker_obstacle_detector/install/visual_marker_obstacle_detector/share/visual_marker_obstacle_detector/environment/ament_prefix_path.dsv
[1.324s] -- Installing: /home/magnum/simuate_ws/src/robot/src/visual_marker_obstacle_detector/install/visual_marker_obstacle_detector/share/visual_marker_obstacle_detector/environment/path.sh
[1.324s] -- Installing: /home/magnum/simuate_ws/src/robot/src/visual_marker_obstacle_detector/install/visual_marker_obstacle_detector/share/visual_marker_obstacle_detector/environment/path.dsv
[1.324s] -- Installing: /home/magnum/simuate_ws/src/robot/src/visual_marker_obstacle_detector/install/visual_marker_obstacle_detector/share/visual_marker_obstacle_detector/local_setup.bash
[1.324s] -- Installing: /home/magnum/simuate_ws/src/robot/src/visual_marker_obstacle_detector/install/visual_marker_obstacle_detector/share/visual_marker_obstacle_detector/local_setup.sh
[1.324s] -- Installing: /home/magnum/simuate_ws/src/robot/src/visual_marker_obstacle_detector/install/visual_marker_obstacle_detector/share/visual_marker_obstacle_detector/local_setup.zsh
[1.324s] -- Installing: /home/magnum/simuate_ws/src/robot/src/visual_marker_obstacle_detector/install/visual_marker_obstacle_detector/share/visual_marker_obstacle_detector/local_setup.dsv
[1.324s] -- Installing: /home/magnum/simuate_ws/src/robot/src/visual_marker_obstacle_detector/install/visual_marker_obstacle_detector/share/visual_marker_obstacle_detector/package.dsv
[1.324s] -- Installing: /home/magnum/simuate_ws/src/robot/src/visual_marker_obstacle_detector/install/visual_marker_obstacle_detector/share/ament_index/resource_index/packages/visual_marker_obstacle_detector
[1.324s] -- Installing: /home/magnum/simuate_ws/src/robot/src/visual_marker_obstacle_detector/install/visual_marker_obstacle_detector/share/visual_marker_obstacle_detector/cmake/visual_marker_obstacle_detectorConfig.cmake
[1.324s] -- Installing: /home/magnum/simuate_ws/src/robot/src/visual_marker_obstacle_detector/install/visual_marker_obstacle_detector/share/visual_marker_obstacle_detector/cmake/visual_marker_obstacle_detectorConfig-version.cmake
[1.324s] -- Installing: /home/magnum/simuate_ws/src/robot/src/visual_marker_obstacle_detector/install/visual_marker_obstacle_detector/share/visual_marker_obstacle_detector/package.xml
[1.326s] Invoked command in '/home/magnum/simuate_ws/src/robot/src/visual_marker_obstacle_detector/build/visual_marker_obstacle_detector' returned '0': CMAKE_PREFIX_PATH=/opt/ros/foxy /usr/bin/cmake --install /home/magnum/simuate_ws/src/robot/src/visual_marker_obstacle_detector/build/visual_marker_obstacle_detector
