[0.011s] Invoking command in '/home/magnum/simuate_ws/src/robot/src/visual_marker_obstacle_detector/build/visual_marker_obstacle_detector': CMAKE_PREFIX_PATH=/opt/ros/foxy /usr/bin/cmake --build /home/magnum/simuate_ws/src/robot/src/visual_marker_obstacle_detector/build/visual_marker_obstacle_detector -- -j8 -l8
[0.042s] [ 50%] [32mBuilding CXX object CMakeFiles/visual_marker_detector.dir/src/visual_marker.cpp.o[0m
[0.989s] [01m[K/home/magnum/simuate_ws/src/robot/src/visual_marker_obstacle_detector/src/visual_marker.cpp:[m[K In constructor ‘[01m[Kmarker_::mark::mark()[m[K’:
[0.989s] [01m[K/home/magnum/simuate_ws/src/robot/src/visual_marker_obstacle_detector/src/visual_marker.cpp:16:53:[m[K [01;31m[Kerror: [m[Kno matching function for call to ‘[01m[Ktf2_ros::TransformListener::TransformListener()[m[K’
[0.989s]    16 |         mark::mark() : Node("marker_detect_obstacle"[01;31m[K)[m[K{
[0.989s]       |                                                     [01;31m[K^[m[K
[0.989s] In file included from [01m[K/home/magnum/simuate_ws/src/robot/src/visual_marker_obstacle_detector/src/visual_marker.hpp:6[m[K,
[0.989s]                  from [01m[K/home/magnum/simuate_ws/src/robot/src/visual_marker_obstacle_detector/src/visual_marker.cpp:4[m[K:
[0.989s] [01m[K/opt/ros/foxy/include/tf2_ros/transform_listener.h:58:3:[m[K [01;36m[Knote: [m[Kcandidate: ‘[01m[Ktemplate<class NodeT, class AllocatorT> tf2_ros::TransformListener::TransformListener(tf2::BufferCore&, NodeT&&, bool, const rclcpp::QoS&, const rclcpp::QoS&, const rclcpp::SubscriptionOptionsWithAllocator<AllocatorT>&)[m[K’
[0.989s]    58 |   [01;36m[KTransformListener[m[K(
[0.989s]       |   [01;36m[K^~~~~~~~~~~~~~~~~[m[K
[0.989s] [01m[K/opt/ros/foxy/include/tf2_ros/transform_listener.h:58:3:[m[K [01;36m[Knote: [m[K  template argument deduction/substitution failed:
[0.989s] [01m[K/home/magnum/simuate_ws/src/robot/src/visual_marker_obstacle_detector/src/visual_marker.cpp:16:53:[m[K [01;36m[Knote: [m[K  candidate expects 6 arguments, 0 provided
[0.989s]    16 |         mark::mark() : Node("marker_detect_obstacle"[01;36m[K)[m[K{
[0.989s]       |                                                     [01;36m[K^[m[K
[0.989s] In file included from [01m[K/home/magnum/simuate_ws/src/robot/src/visual_marker_obstacle_detector/src/visual_marker.hpp:6[m[K,
[0.989s]                  from [01m[K/home/magnum/simuate_ws/src/robot/src/visual_marker_obstacle_detector/src/visual_marker.cpp:4[m[K:
[0.989s] [01m[K/opt/ros/foxy/include/tf2_ros/transform_listener.h:55:12:[m[K [01;36m[Knote: [m[Kcandidate: ‘[01m[Ktf2_ros::TransformListener::TransformListener(tf2::BufferCore&, bool)[m[K’
[0.989s]    55 |   explicit [01;36m[KTransformListener[m[K(tf2::BufferCore & buffer, bool spin_thread = true);
[0.989s]       |            [01;36m[K^~~~~~~~~~~~~~~~~[m[K
[0.990s] [01m[K/opt/ros/foxy/include/tf2_ros/transform_listener.h:55:12:[m[K [01;36m[Knote: [m[K  candidate expects 2 arguments, 0 provided
[0.990s] [01m[K/home/magnum/simuate_ws/src/robot/src/visual_marker_obstacle_detector/src/visual_marker.cpp:16:53:[m[K [01;31m[Kerror: [m[Kno matching function for call to ‘[01m[Ktf2_ros::TransformBroadcaster::TransformBroadcaster()[m[K’
[0.990s]    16 |         mark::mark() : Node("marker_detect_obstacle"[01;31m[K)[m[K{
[0.990s]       |                                                     [01;31m[K^[m[K
[0.990s] In file included from [01m[K/home/magnum/simuate_ws/src/robot/src/visual_marker_obstacle_detector/src/visual_marker.hpp:7[m[K,
[0.990s]                  from [01m[K/home/magnum/simuate_ws/src/robot/src/visual_marker_obstacle_detector/src/visual_marker.cpp:4[m[K:
[0.990s] [01m[K/opt/ros/foxy/include/tf2_ros/transform_broadcaster.h:53:3:[m[K [01;36m[Knote: [m[Kcandidate: ‘[01m[Ktemplate<class NodeT, class AllocatorT> tf2_ros::TransformBroadcaster::TransformBroadcaster(NodeT&&, const rclcpp::QoS&, const rclcpp::PublisherOptionsWithAllocator<AllocatorT>&)[m[K’
[0.990s]    53 |   [01;36m[KTransformBroadcaster[m[K(
[0.990s]       |   [01;36m[K^~~~~~~~~~~~~~~~~~~~[m[K
[0.990s] [01m[K/opt/ros/foxy/include/tf2_ros/transform_broadcaster.h:53:3:[m[K [01;36m[Knote: [m[K  template argument deduction/substitution failed:
[0.990s] [01m[K/home/magnum/simuate_ws/src/robot/src/visual_marker_obstacle_detector/src/visual_marker.cpp:16:53:[m[K [01;36m[Knote: [m[K  candidate expects 3 arguments, 0 provided
[0.990s]    16 |         mark::mark() : Node("marker_detect_obstacle"[01;36m[K)[m[K{
[0.990s]       |                                                     [01;36m[K^[m[K
[0.990s] In file included from [01m[K/home/magnum/simuate_ws/src/robot/src/visual_marker_obstacle_detector/src/visual_marker.hpp:7[m[K,
[0.990s]                  from [01m[K/home/magnum/simuate_ws/src/robot/src/visual_marker_obstacle_detector/src/visual_marker.cpp:4[m[K:
[0.990s] [01m[K/opt/ros/foxy/include/tf2_ros/transform_broadcaster.h:49:7:[m[K [01;36m[Knote: [m[Kcandidate: ‘[01m[Ktf2_ros::TransformBroadcaster::TransformBroadcaster(const tf2_ros::TransformBroadcaster&)[m[K’
[0.990s]    49 | class [01;36m[KTransformBroadcaster[m[K{
[0.990s]       |       [01;36m[K^~~~~~~~~~~~~~~~~~~~[m[K
[0.990s] [01m[K/opt/ros/foxy/include/tf2_ros/transform_broadcaster.h:49:7:[m[K [01;36m[Knote: [m[K  candidate expects 1 argument, 0 provided
[0.990s] [01m[K/opt/ros/foxy/include/tf2_ros/transform_broadcaster.h:49:7:[m[K [01;36m[Knote: [m[Kcandidate: ‘[01m[Ktf2_ros::TransformBroadcaster::TransformBroadcaster(tf2_ros::TransformBroadcaster&&)[m[K’
[0.990s] [01m[K/opt/ros/foxy/include/tf2_ros/transform_broadcaster.h:49:7:[m[K [01;36m[Knote: [m[K  candidate expects 1 argument, 0 provided
[1.003s] [01m[K/home/magnum/simuate_ws/src/robot/src/visual_marker_obstacle_detector/src/visual_marker.cpp:[m[K At global scope:
[1.003s] [01m[K/home/magnum/simuate_ws/src/robot/src/visual_marker_obstacle_detector/src/visual_marker.cpp:26:39:[m[K [01;31m[Kerror: [m[Kno matching function for call to ‘[01m[Ktf2_ros::TransformBroadcaster::TransformBroadcaster()[m[K’
[1.003s]    26 |         tf2_ros::TransformBroadcaster [01;31m[Kbroadcaster[m[K;
[1.003s]       |                                       [01;31m[K^~~~~~~~~~~[m[K
[1.003s] In file included from [01m[K/home/magnum/simuate_ws/src/robot/src/visual_marker_obstacle_detector/src/visual_marker.hpp:7[m[K,
[1.003s]                  from [01m[K/home/magnum/simuate_ws/src/robot/src/visual_marker_obstacle_detector/src/visual_marker.cpp:4[m[K:
[1.003s] [01m[K/opt/ros/foxy/include/tf2_ros/transform_broadcaster.h:53:3:[m[K [01;36m[Knote: [m[Kcandidate: ‘[01m[Ktemplate<class NodeT, class AllocatorT> tf2_ros::TransformBroadcaster::TransformBroadcaster(NodeT&&, const rclcpp::QoS&, const rclcpp::PublisherOptionsWithAllocator<AllocatorT>&)[m[K’
[1.003s]    53 |   [01;36m[KTransformBroadcaster[m[K(
[1.003s]       |   [01;36m[K^~~~~~~~~~~~~~~~~~~~[m[K
[1.003s] [01m[K/opt/ros/foxy/include/tf2_ros/transform_broadcaster.h:53:3:[m[K [01;36m[Knote: [m[K  template argument deduction/substitution failed:
[1.003s] [01m[K/home/magnum/simuate_ws/src/robot/src/visual_marker_obstacle_detector/src/visual_marker.cpp:26:39:[m[K [01;36m[Knote: [m[K  candidate expects 3 arguments, 0 provided
[1.003s]    26 |         tf2_ros::TransformBroadcaster [01;36m[Kbroadcaster[m[K;
[1.004s]       |                                       [01;36m[K^~~~~~~~~~~[m[K
[1.004s] In file included from [01m[K/home/magnum/simuate_ws/src/robot/src/visual_marker_obstacle_detector/src/visual_marker.hpp:7[m[K,
[1.004s]                  from [01m[K/home/magnum/simuate_ws/src/robot/src/visual_marker_obstacle_detector/src/visual_marker.cpp:4[m[K:
[1.004s] [01m[K/opt/ros/foxy/include/tf2_ros/transform_broadcaster.h:49:7:[m[K [01;36m[Knote: [m[Kcandidate: ‘[01m[Ktf2_ros::TransformBroadcaster::TransformBroadcaster(const tf2_ros::TransformBroadcaster&)[m[K’
[1.004s]    49 | class [01;36m[KTransformBroadcaster[m[K{
[1.004s]       |       [01;36m[K^~~~~~~~~~~~~~~~~~~~[m[K
[1.004s] [01m[K/opt/ros/foxy/include/tf2_ros/transform_broadcaster.h:49:7:[m[K [01;36m[Knote: [m[K  candidate expects 1 argument, 0 provided
[1.004s] [01m[K/opt/ros/foxy/include/tf2_ros/transform_broadcaster.h:49:7:[m[K [01;36m[Knote: [m[Kcandidate: ‘[01m[Ktf2_ros::TransformBroadcaster::TransformBroadcaster(tf2_ros::TransformBroadcaster&&)[m[K’
[1.004s] [01m[K/opt/ros/foxy/include/tf2_ros/transform_broadcaster.h:49:7:[m[K [01;36m[Knote: [m[K  candidate expects 1 argument, 0 provided
[1.016s] [01m[K/home/magnum/simuate_ws/src/robot/src/visual_marker_obstacle_detector/src/visual_marker.cpp:73:2:[m[K [01;35m[Kwarning: [m[Kextra ‘[01m[K;[m[K’ [[01;35m[K-Wpedantic[m[K]
[1.016s]    73 | }[01;35m[K;[m[K//namspace marker_
[1.016s]       |  [01;35m[K^[m[K
[1.372s] In file included from [01m[K/opt/ros/foxy/include/rclcpp/create_publisher.hpp:21[m[K,
[1.372s]                  from [01m[K/opt/ros/foxy/include/rclcpp/node_impl.hpp:39[m[K,
[1.372s]                  from [01m[K/opt/ros/foxy/include/rclcpp/node.hpp:1224[m[K,
[1.372s]                  from [01m[K/opt/ros/foxy/include/rclcpp/executors/single_threaded_executor.hpp:28[m[K,
[1.372s]                  from [01m[K/opt/ros/foxy/include/rclcpp/executors.hpp:22[m[K,
[1.373s]                  from [01m[K/opt/ros/foxy/include/rclcpp/rclcpp.hpp:146[m[K,
[1.373s]                  from [01m[K/home/magnum/simuate_ws/src/robot/src/visual_marker_obstacle_detector/src/visual_marker.hpp:4[m[K,
[1.373s]                  from [01m[K/home/magnum/simuate_ws/src/robot/src/visual_marker_obstacle_detector/src/visual_marker.cpp:4[m[K:
[1.373s] /opt/ros/foxy/include/rclcpp/node_interfaces/get_node_topics_interface.hpp: In instantiation of ‘[01m[Kstd::shared_ptr<rclcpp::node_interfaces::NodeTopicsInterface> rclcpp::node_interfaces::get_node_topics_interface(NodeType&&) [with NodeType = geometry_msgs::msg::TransformStamped_<std::allocator<void> >&; typename std::enable_if<(! rcpputils::is_pointer<T>::value), int>::type <anonymous> = 0][m[K’:
[1.373s] [01m[K/opt/ros/foxy/include/rclcpp/create_publisher.hpp:54:47:[m[K   required from ‘[01m[Kstd::shared_ptr<PublisherT> rclcpp::create_publisher(NodeT&, const string&, const rclcpp::QoS&, const rclcpp::PublisherOptionsWithAllocator<AllocatorT>&) [with MessageT = tf2_msgs::msg::TFMessage_<std::allocator<void> >; AllocatorT = std::allocator<void>; PublisherT = rclcpp::Publisher<tf2_msgs::msg::TFMessage_<std::allocator<void> > >; NodeT = geometry_msgs::msg::TransformStamped_<std::allocator<void> >; std::string = std::__cxx11::basic_string<char>][m[K’
[1.373s] [01m[K/opt/ros/foxy/include/tf2_ros/transform_broadcaster.h:59:68:[m[K   required from ‘[01m[Ktf2_ros::TransformBroadcaster::TransformBroadcaster(NodeT&&, const rclcpp::QoS&, const rclcpp::PublisherOptionsWithAllocator<AllocatorT>&) [with NodeT = geometry_msgs::msg::TransformStamped_<std::allocator<void> >; AllocatorT = std::allocator<void>][m[K’
[1.373s] [01m[K/home/magnum/simuate_ws/src/robot/src/visual_marker_obstacle_detector/src/visual_marker.cpp:50:104:[m[K   required from here
[1.373s] [01m[K/opt/ros/foxy/include/rclcpp/node_interfaces/get_node_topics_interface.hpp:90:56:[m[K [01;31m[Kerror: [m[Kno matching function for call to ‘[01m[Kget_node_topics_interface_from_pointer(geometry_msgs::msg::TransformStamped_<std::allocator<void> >*)[m[K’
[1.373s]    90 |   return [01;31m[Kdetail::get_node_topics_interface_from_pointer(&node)[m[K;
[1.373s]       |          [01;31m[K~~~~~~~~~~~~~~~~~~~~~~~~~~~~~~~~~~~~~~~~~~~~~~^~~~~~~[m[K
[1.373s] [01m[K/opt/ros/foxy/include/rclcpp/node_interfaces/get_node_topics_interface.hpp:53:1:[m[K [01;36m[Knote: [m[Kcandidate: ‘[01m[Ktemplate<class NodeType, typename std::enable_if<rclcpp::node_interfaces::has_node_topics_interface<typename rcpputils::remove_pointer<T>::type>::value, int>::type <anonymous> > std::shared_ptr<rclcpp::node_interfaces::NodeTopicsInterface> rclcpp::node_interfaces::detail::get_node_topics_interface_from_pointer(NodeType)[m[K’
[1.373s]    53 | [01;36m[Kget_node_topics_interface_from_pointer[m[K(NodeType node_pointer)
[1.373s]       | [01;36m[K^~~~~~~~~~~~~~~~~~~~~~~~~~~~~~~~~~~~~~[m[K
[1.373s] [01m[K/opt/ros/foxy/include/rclcpp/node_interfaces/get_node_topics_interface.hpp:53:1:[m[K [01;36m[Knote: [m[K  template argument deduction/substitution failed:
[1.373s] [01m[K/opt/ros/foxy/include/rclcpp/node_interfaces/get_node_topics_interface.hpp:50:26:[m[K [01;31m[Kerror: [m[Kno type named ‘[01m[Ktype[m[K’ in ‘[01m[Kstruct std::enable_if<false, int>[m[K’
[1.373s]    50 |   >::value, int>::type = [01;31m[K0[m[K
[1.373s]       |                          [01;31m[K^[m[K
[2.204s] make[2]: *** [CMakeFiles/visual_marker_detector.dir/build.make:76: CMakeFiles/visual_marker_detector.dir/src/visual_marker.cpp.o] Error 1
[2.204s] make[1]: *** [CMakeFiles/Makefile2:137: CMakeFiles/visual_marker_detector.dir/all] Error 2
[2.204s] make: *** [Makefile:146: all] Error 2
[2.206s] Invoked command in '/home/magnum/simuate_ws/src/robot/src/visual_marker_obstacle_detector/build/visual_marker_obstacle_detector' returned '2': CMAKE_PREFIX_PATH=/opt/ros/foxy /usr/bin/cmake --build /home/magnum/simuate_ws/src/robot/src/visual_marker_obstacle_detector/build/visual_marker_obstacle_detector -- -j8 -l8
